Using pre-set license
Built from '2020.3/staging' branch; Version is '2020.3.18f1 (a7d1c678663c) revision 10998214'; Using compiler version '192528614'; Build Type 'Release'
OS: 'Windows 10 Home; OS build 19044.2251; Version 2009; 64bit' Language: 'en' Physical Memory: 16138 MB
BatchMode: 1, IsHumanControllingUs: 0, StartBugReporterOnCrash: 0, Is64bit: 1, IsPro: 0

COMMAND LINE ARGUMENTS:
C:\Program Files\Unity\Hub\Editor\2020.3.18f1\Editor\Unity.exe
-adb2
-batchMode
-noUpm
-name
AssetImportWorker1
-projectPath
C:/Users/Jimmy/Downloads/Gamers Unite/_School/Mobile F2022/Hypercasual/Fruit Defender
-logFile
Logs/AssetImportWorker1.log
-srvPort
49961
Successfully changed project path to: C:/Users/Jimmy/Downloads/Gamers Unite/_School/Mobile F2022/Hypercasual/Fruit Defender
C:/Users/Jimmy/Downloads/Gamers Unite/_School/Mobile F2022/Hypercasual/Fruit Defender
Using Asset Import Pipeline V2.
Refreshing native plugins compatible for Editor in 46.66 ms, found 2 plugins.
Preloading 0 native plugins for Editor in 0.00 ms.
Initialize engine version: 2020.3.18f1 (a7d1c678663c)
[Subsystems] Discovering subsystems at path C:/Program Files/Unity/Hub/Editor/2020.3.18f1/Editor/Data/Resources/UnitySubsystems
[Subsystems] Discovering subsystems at path C:/Users/Jimmy/Downloads/Gamers Unite/_School/Mobile F2022/Hypercasual/Fruit Defender/Assets
GfxDevice: creating device client; threaded=0
Direct3D:
    Version:  Direct3D 11.0 [level 11.1]
    Renderer: Intel(R) Iris(R) Plus Graphics (ID=0x8a52)
    Vendor:   
    VRAM:     8069 MB
    Driver:   27.20.100.9664
Initialize mono
Mono path[0] = 'C:/Program Files/Unity/Hub/Editor/2020.3.18f1/Editor/Data/Managed'
Mono path[1] = 'C:/Program Files/Unity/Hub/Editor/2020.3.18f1/Editor/Data/MonoBleedingEdge/lib/mono/unityjit'
Mono config path = 'C:/Program Files/Unity/Hub/Editor/2020.3.18f1/Editor/Data/MonoBleedingEdge/etc'
Using monoOptions --debugger-agent=transport=dt_socket,embedding=1,server=y,suspend=n,address=127.0.0.1:56164
Begin MonoManager ReloadAssembly
Registering precompiled unity dll's ...
Register platform support module: C:/Program Files/Unity/Hub/Editor/2020.3.18f1/Editor/Data/PlaybackEngines/WebGLSupport/UnityEditor.WebGL.Extensions.dll
Register platform support module: C:/Program Files/Unity/Hub/Editor/2020.3.18f1/Editor/Data/PlaybackEngines/MacStandaloneSupport/UnityEditor.OSXStandalone.Extensions.dll
Register platform support module: C:/Program Files/Unity/Hub/Editor/2020.3.18f1/Editor/Data/PlaybackEngines/WindowsStandaloneSupport/UnityEditor.WindowsStandalone.Extensions.dll
Registered in 0.004044 seconds.
Native extension for WindowsStandalone target not found
Native extension for OSXStandalone target not found
Native extension for WebGL target not found
Refreshing native plugins compatible for Editor in 37.77 ms, found 2 plugins.
Preloading 0 native plugins for Editor in 0.00 ms.
Mono: successfully reloaded assembly
- Completed reload, in  6.943 seconds
Domain Reload Profiling:
	ReloadAssembly (6943ms)
		BeginReloadAssembly (54ms)
			ExecutionOrderSort (0ms)
			DisableScriptedObjects (0ms)
			BackupInstance (0ms)
			ReleaseScriptingObjects (0ms)
			CreateAndSetChildDomain (1ms)
		EndReloadAssembly (754ms)
			LoadAssemblies (54ms)
			RebuildTransferFunctionScriptingTraits (0ms)
			SetupTypeCache (366ms)
			ReleaseScriptCaches (0ms)
			RebuildScriptCaches (33ms)
			SetupLoadedEditorAssemblies (253ms)
				LogAssemblyErrors (0ms)
				InitializePlatformSupportModulesInManaged (5ms)
				SetLoadedEditorAssemblies (0ms)
				RefreshPlugins (38ms)
				BeforeProcessingInitializeOnLoad (12ms)
				ProcessInitializeOnLoadAttributes (129ms)
				ProcessInitializeOnLoadMethodAttributes (68ms)
				AfterProcessingInitializeOnLoad (0ms)
				EditorAssembliesLoaded (0ms)
			ExecutionOrderSort2 (0ms)
			AwakeInstancesAfterBackupRestoration (0ms)
Platform modules already initialized, skipping
Registering precompiled user dll's ...
Registered in 0.004406 seconds.
Begin MonoManager ReloadAssembly
Native extension for WindowsStandalone target not found
Native extension for OSXStandalone target not found
Native extension for WebGL target not found
Refreshing native plugins compatible for Editor in 0.63 ms, found 2 plugins.
Preloading 0 native plugins for Editor in 0.00 ms.
Mono: successfully reloaded assembly
- Completed reload, in  2.107 seconds
Domain Reload Profiling:
	ReloadAssembly (2109ms)
		BeginReloadAssembly (305ms)
			ExecutionOrderSort (0ms)
			DisableScriptedObjects (11ms)
			BackupInstance (0ms)
			ReleaseScriptingObjects (0ms)
			CreateAndSetChildDomain (35ms)
		EndReloadAssembly (1664ms)
			LoadAssemblies (190ms)
			RebuildTransferFunctionScriptingTraits (0ms)
			SetupTypeCache (560ms)
			ReleaseScriptCaches (0ms)
			RebuildScriptCaches (72ms)
			SetupLoadedEditorAssemblies (666ms)
				LogAssemblyErrors (0ms)
				InitializePlatformSupportModulesInManaged (17ms)
				SetLoadedEditorAssemblies (1ms)
				RefreshPlugins (1ms)
				BeforeProcessingInitializeOnLoad (113ms)
				ProcessInitializeOnLoadAttributes (523ms)
				ProcessInitializeOnLoadMethodAttributes (5ms)
				AfterProcessingInitializeOnLoad (7ms)
				EditorAssembliesLoaded (0ms)
			ExecutionOrderSort2 (0ms)
			AwakeInstancesAfterBackupRestoration (7ms)
Platform modules already initialized, skipping
========================================================================
Worker process is ready to serve import requests
Launched and connected shader compiler UnityShaderCompiler.exe after 0.14 seconds
Refreshing native plugins compatible for Editor in 0.25 ms, found 2 plugins.
Preloading 0 native plugins for Editor in 0.00 ms.
Unloading 1420 Unused Serialized files (Serialized files now loaded: 0)
System memory in use before: 69.1 MB.
System memory in use after: 69.1 MB.

Unloading 16 unused Assets to reduce memory usage. Loaded Objects now: 1862.
Total: 2.761100 ms (FindLiveObjects: 0.123800 ms CreateObjectMapping: 0.041100 ms MarkObjects: 2.502400 ms  DeleteObjects: 0.092600 ms)

AssetImportParameters requested are different than current active one (requested -> active):
  custom:framework-win-MediaFoundation: 216162199b28c13a410421893ffa2e32 -> 
  custom:video-decoder-ogg-theora: a1e56fd34408186e4bbccfd4996cb3dc -> 
  custom:container-muxer-webm: aa71ff27fc2769a1b78a27578f13a17b -> 
  custom:container-demuxer-webm: 4f35f7cbe854078d1ac9338744f61a02 -> 
  custom:container-demuxer-ogg: 62fdf1f143b41e24485cea50d1cbac27 -> 
  custom:video-encoder-webm-vp8: eb34c28f22e8b96e1ab97ce403110664 -> 
  custom:video-codec-MediaFoundation-h265: 746d11721c4dcdbdad8f713fa42b33f4 -> 
  custom:video-decoder-webm-vp8: 9c59270c3fd7afecdb556c50c9e8de78 -> 
  custom:audio-decoder-ogg-vorbis: bf7c407c2cedff20999df2af8eb42d56 -> 
  custom:audio-encoder-webm-vorbis: bf7c407c2cedff20999df2af8eb42d56 -> 
========================================================================
Received Import Request.
  path: Assets/Prefabs/Coin.prefab
  artifactKey: Guid(3aec1e7ce5706a145b2c9c60a28646f6) Importer(815301076,1909f56bfc062723c751e8b465ee728b)
Start importing Assets/Prefabs/Coin.prefab using Guid(3aec1e7ce5706a145b2c9c60a28646f6) Importer(815301076,1909f56bfc062723c751e8b465ee728b)  -> (artifact id: '5b7a6581acc324eb079d5c83d68dae1a') in 0.238148 seconds 
  Import took 0.244282 seconds .

========================================================================
Received Import Request.
  Time since last request: 1.619096 seconds.
  path: Assets/Prefabs/Coin.prefab
  artifactKey: Guid(3aec1e7ce5706a145b2c9c60a28646f6) Importer(815301076,1909f56bfc062723c751e8b465ee728b)
Start importing Assets/Prefabs/Coin.prefab using Guid(3aec1e7ce5706a145b2c9c60a28646f6) Importer(815301076,1909f56bfc062723c751e8b465ee728b)  -> (artifact id: '228e7d6809b9277cc754d413fd29dcba') in 0.030987 seconds 
  Import took 0.034783 seconds .

========================================================================
Received Import Request.
  Time since last request: 2.400278 seconds.
  path: Assets/Prefabs/Coin.prefab
  artifactKey: Guid(3aec1e7ce5706a145b2c9c60a28646f6) Importer(815301076,1909f56bfc062723c751e8b465ee728b)
Start importing Assets/Prefabs/Coin.prefab using Guid(3aec1e7ce5706a145b2c9c60a28646f6) Importer(815301076,1909f56bfc062723c751e8b465ee728b)  -> (artifact id: '866e675a84e0c2a47fe5a5d4852a09c9') in 0.027004 seconds 
  Import took 0.029716 seconds .

========================================================================
Received Import Request.
  Time since last request: 2.384025 seconds.
  path: Assets/Prefabs/Coin.prefab
  artifactKey: Guid(3aec1e7ce5706a145b2c9c60a28646f6) Importer(815301076,1909f56bfc062723c751e8b465ee728b)
Start importing Assets/Prefabs/Coin.prefab using Guid(3aec1e7ce5706a145b2c9c60a28646f6) Importer(815301076,1909f56bfc062723c751e8b465ee728b)  -> (artifact id: 'cf81fd8d99e444bc902d5ec0a015dbfc') in 0.031314 seconds 
  Import took 0.034866 seconds .

========================================================================
Received Import Request.
  Time since last request: 7.450926 seconds.
  path: Assets/Prefabs/Coin.prefab
  artifactKey: Guid(3aec1e7ce5706a145b2c9c60a28646f6) Importer(815301076,1909f56bfc062723c751e8b465ee728b)
Start importing Assets/Prefabs/Coin.prefab using Guid(3aec1e7ce5706a145b2c9c60a28646f6) Importer(815301076,1909f56bfc062723c751e8b465ee728b)  -> (artifact id: 'caf6ae009579ae6f508ca6588034bde5') in 0.030293 seconds 
  Import took 0.034016 seconds .

========================================================================
Received Import Request.
  Time since last request: 1.386403 seconds.
  path: Assets/Prefabs/Coin.prefab
  artifactKey: Guid(3aec1e7ce5706a145b2c9c60a28646f6) Importer(815301076,1909f56bfc062723c751e8b465ee728b)
Start importing Assets/Prefabs/Coin.prefab using Guid(3aec1e7ce5706a145b2c9c60a28646f6) Importer(815301076,1909f56bfc062723c751e8b465ee728b)  -> (artifact id: '38fa43652961fc3749ac02f4213bafe4') in 0.026066 seconds 
  Import took 0.029317 seconds .

========================================================================
Received Import Request.
  Time since last request: 4.010127 seconds.
  path: Assets/Prefabs/Coin.prefab
  artifactKey: Guid(3aec1e7ce5706a145b2c9c60a28646f6) Importer(815301076,1909f56bfc062723c751e8b465ee728b)
Start importing Assets/Prefabs/Coin.prefab using Guid(3aec1e7ce5706a145b2c9c60a28646f6) Importer(815301076,1909f56bfc062723c751e8b465ee728b)  -> (artifact id: '24cda8074022312c1a6677ea6d44bb0d') in 0.028354 seconds 
  Import took 0.032505 seconds .

========================================================================
Received Import Request.
  Time since last request: 2.795558 seconds.
  path: Assets/Prefabs/Coin.prefab
  artifactKey: Guid(3aec1e7ce5706a145b2c9c60a28646f6) Importer(815301076,1909f56bfc062723c751e8b465ee728b)
Start importing Assets/Prefabs/Coin.prefab using Guid(3aec1e7ce5706a145b2c9c60a28646f6) Importer(815301076,1909f56bfc062723c751e8b465ee728b)  -> (artifact id: '2bb9220e9f6ea299d9cd91e113e2aabc') in 0.027957 seconds 
  Import took 0.030847 seconds .

========================================================================
Received Import Request.
  Time since last request: 1.376331 seconds.
  path: Assets/Prefabs/Coin.prefab
  artifactKey: Guid(3aec1e7ce5706a145b2c9c60a28646f6) Importer(815301076,1909f56bfc062723c751e8b465ee728b)
Start importing Assets/Prefabs/Coin.prefab using Guid(3aec1e7ce5706a145b2c9c60a28646f6) Importer(815301076,1909f56bfc062723c751e8b465ee728b)  -> (artifact id: 'd7859172a3b21bd19178ca11b333e62b') in 0.025086 seconds 
  Import took 0.028469 seconds .

========================================================================
Received Import Request.
  Time since last request: 3.004724 seconds.
  path: Assets/Prefabs/Coin.prefab
  artifactKey: Guid(3aec1e7ce5706a145b2c9c60a28646f6) Importer(815301076,1909f56bfc062723c751e8b465ee728b)
Start importing Assets/Prefabs/Coin.prefab using Guid(3aec1e7ce5706a145b2c9c60a28646f6) Importer(815301076,1909f56bfc062723c751e8b465ee728b)  -> (artifact id: '6dd22fc3b95701058150725fa379749e') in 0.028639 seconds 
  Import took 0.031712 seconds .

========================================================================
Received Import Request.
  Time since last request: 3.399157 seconds.
  path: Assets/Prefabs/Coin.prefab
  artifactKey: Guid(3aec1e7ce5706a145b2c9c60a28646f6) Importer(815301076,1909f56bfc062723c751e8b465ee728b)
Start importing Assets/Prefabs/Coin.prefab using Guid(3aec1e7ce5706a145b2c9c60a28646f6) Importer(815301076,1909f56bfc062723c751e8b465ee728b)  -> (artifact id: 'c3b393110f6a3de86c051c1feb833a06') in 0.021559 seconds 
  Import took 0.024149 seconds .

========================================================================
Received Import Request.
  Time since last request: 1.392174 seconds.
  path: Assets/Prefabs/Coin.prefab
  artifactKey: Guid(3aec1e7ce5706a145b2c9c60a28646f6) Importer(815301076,1909f56bfc062723c751e8b465ee728b)
Start importing Assets/Prefabs/Coin.prefab using Guid(3aec1e7ce5706a145b2c9c60a28646f6) Importer(815301076,1909f56bfc062723c751e8b465ee728b)  -> (artifact id: '65909864c59511bab53e2e771521474d') in 0.024390 seconds 
  Import took 0.027978 seconds .

========================================================================
Received Import Request.
  Time since last request: 0.008821 seconds.
  path: Assets/Prefabs/Coin.prefab
  artifactKey: Guid(3aec1e7ce5706a145b2c9c60a28646f6) Importer(815301076,1909f56bfc062723c751e8b465ee728b)
Start importing Assets/Prefabs/Coin.prefab using Guid(3aec1e7ce5706a145b2c9c60a28646f6) Importer(815301076,1909f56bfc062723c751e8b465ee728b)  -> (artifact id: '65909864c59511bab53e2e771521474d') in 0.024898 seconds 
  Import took 0.028107 seconds .

========================================================================
Received Import Request.
  Time since last request: 0.538225 seconds.
  path: Assets/Prefabs/Coin.prefab
  artifactKey: Guid(3aec1e7ce5706a145b2c9c60a28646f6) Importer(815301076,1909f56bfc062723c751e8b465ee728b)
Start importing Assets/Prefabs/Coin.prefab using Guid(3aec1e7ce5706a145b2c9c60a28646f6) Importer(815301076,1909f56bfc062723c751e8b465ee728b)  -> (artifact id: 'c5fa56062239b63510fd2339a10489ee') in 0.022119 seconds 
  Import took 0.025239 seconds .

========================================================================
Received Import Request.
  Time since last request: 1.386600 seconds.
  path: Assets/Prefabs/Coin.prefab
  artifactKey: Guid(3aec1e7ce5706a145b2c9c60a28646f6) Importer(815301076,1909f56bfc062723c751e8b465ee728b)
Start importing Assets/Prefabs/Coin.prefab using Guid(3aec1e7ce5706a145b2c9c60a28646f6) Importer(815301076,1909f56bfc062723c751e8b465ee728b)  -> (artifact id: 'fe94f5717d97e6951ad94c55b99b02f7') in 0.020870 seconds 
  Import took 0.023763 seconds .

========================================================================
Received Import Request.
  Time since last request: 3.025180 seconds.
  path: Assets/Prefabs/Coin.prefab
  artifactKey: Guid(3aec1e7ce5706a145b2c9c60a28646f6) Importer(815301076,1909f56bfc062723c751e8b465ee728b)
Start importing Assets/Prefabs/Coin.prefab using Guid(3aec1e7ce5706a145b2c9c60a28646f6) Importer(815301076,1909f56bfc062723c751e8b465ee728b)  -> (artifact id: '48012b758bb66a2ca811ba5cf85735ef') in 0.024658 seconds 
  Import took 0.027385 seconds .

========================================================================
Received Import Request.
  Time since last request: 4.220820 seconds.
  path: Assets/Prefabs/Coin.prefab
  artifactKey: Guid(3aec1e7ce5706a145b2c9c60a28646f6) Importer(815301076,1909f56bfc062723c751e8b465ee728b)
Start importing Assets/Prefabs/Coin.prefab using Guid(3aec1e7ce5706a145b2c9c60a28646f6) Importer(815301076,1909f56bfc062723c751e8b465ee728b)  -> (artifact id: '0db370e6f6b079fb3c9b2350024d67b4') in 0.020615 seconds 
  Import took 0.023260 seconds .

========================================================================
Received Import Request.
  Time since last request: 1.793280 seconds.
  path: Assets/Prefabs/Coin.prefab
  artifactKey: Guid(3aec1e7ce5706a145b2c9c60a28646f6) Importer(815301076,1909f56bfc062723c751e8b465ee728b)
Start importing Assets/Prefabs/Coin.prefab using Guid(3aec1e7ce5706a145b2c9c60a28646f6) Importer(815301076,1909f56bfc062723c751e8b465ee728b)  -> (artifact id: 'e16010214b163b7887750036df2a9afa') in 0.022523 seconds 
  Import took 0.026207 seconds .

========================================================================
Received Import Request.
  Time since last request: 2.407946 seconds.
  path: Assets/Prefabs/Coin.prefab
  artifactKey: Guid(3aec1e7ce5706a145b2c9c60a28646f6) Importer(815301076,1909f56bfc062723c751e8b465ee728b)
Start importing Assets/Prefabs/Coin.prefab using Guid(3aec1e7ce5706a145b2c9c60a28646f6) Importer(815301076,1909f56bfc062723c751e8b465ee728b)  -> (artifact id: 'dbb6e235b0b96aa7a1ee0de18e52f445') in 0.022053 seconds 
  Import took 0.024626 seconds .

========================================================================
Received Import Request.
  Time since last request: 0.992199 seconds.
  path: Assets/Prefabs/Coin.prefab
  artifactKey: Guid(3aec1e7ce5706a145b2c9c60a28646f6) Importer(815301076,1909f56bfc062723c751e8b465ee728b)
Start importing Assets/Prefabs/Coin.prefab using Guid(3aec1e7ce5706a145b2c9c60a28646f6) Importer(815301076,1909f56bfc062723c751e8b465ee728b)  -> (artifact id: '76769ef07fe05e7e69c3fce7fb355778') in 0.026414 seconds 
  Import took 0.029083 seconds .

========================================================================
Received Import Request.
  Time since last request: 0.990489 seconds.
  path: Assets/Prefabs/Coin.prefab
  artifactKey: Guid(3aec1e7ce5706a145b2c9c60a28646f6) Importer(815301076,1909f56bfc062723c751e8b465ee728b)
Start importing Assets/Prefabs/Coin.prefab using Guid(3aec1e7ce5706a145b2c9c60a28646f6) Importer(815301076,1909f56bfc062723c751e8b465ee728b)  -> (artifact id: 'ddbe29dbe3f1ef7a5b2995cc6382a39c') in 0.030724 seconds 
  Import took 0.034595 seconds .

========================================================================
Received Import Request.
  Time since last request: 1.983505 seconds.
  path: Assets/Prefabs/Coin.prefab
  artifactKey: Guid(3aec1e7ce5706a145b2c9c60a28646f6) Importer(815301076,1909f56bfc062723c751e8b465ee728b)
Start importing Assets/Prefabs/Coin.prefab using Guid(3aec1e7ce5706a145b2c9c60a28646f6) Importer(815301076,1909f56bfc062723c751e8b465ee728b)  -> (artifact id: 'c2abefa990dd240df5cf0abfa134b5e6') in 0.026704 seconds 
  Import took 0.031101 seconds .

========================================================================
Received Import Request.
  Time since last request: 0.586493 seconds.
  path: Assets/Prefabs/Coin.prefab
  artifactKey: Guid(3aec1e7ce5706a145b2c9c60a28646f6) Importer(815301076,1909f56bfc062723c751e8b465ee728b)
Start importing Assets/Prefabs/Coin.prefab using Guid(3aec1e7ce5706a145b2c9c60a28646f6) Importer(815301076,1909f56bfc062723c751e8b465ee728b)  -> (artifact id: '25c4420930f38b37f17fa84489b9cb90') in 0.034666 seconds 
  Import took 0.039339 seconds .

========================================================================
Received Import Request.
  Time since last request: 1.570426 seconds.
  path: Assets/Prefabs/Coin.prefab
  artifactKey: Guid(3aec1e7ce5706a145b2c9c60a28646f6) Importer(815301076,1909f56bfc062723c751e8b465ee728b)
Start importing Assets/Prefabs/Coin.prefab using Guid(3aec1e7ce5706a145b2c9c60a28646f6) Importer(815301076,1909f56bfc062723c751e8b465ee728b)  -> (artifact id: '7b7217a7a3d2e9159e2aaafda1ec9e26') in 0.022696 seconds 
  Import took 0.025898 seconds .

========================================================================
Received Import Request.
  Time since last request: 2.211458 seconds.
  path: Assets/Prefabs/Coin.prefab
  artifactKey: Guid(3aec1e7ce5706a145b2c9c60a28646f6) Importer(815301076,1909f56bfc062723c751e8b465ee728b)
Start importing Assets/Prefabs/Coin.prefab using Guid(3aec1e7ce5706a145b2c9c60a28646f6) Importer(815301076,1909f56bfc062723c751e8b465ee728b)  -> (artifact id: '8e99f93bdbfab6cba37e1272caf7513f') in 0.029813 seconds 
  Import took 0.033757 seconds .

========================================================================
Received Import Request.
  Time since last request: 1.569878 seconds.
  path: Assets/Prefabs/Coin.prefab
  artifactKey: Guid(3aec1e7ce5706a145b2c9c60a28646f6) Importer(815301076,1909f56bfc062723c751e8b465ee728b)
Start importing Assets/Prefabs/Coin.prefab using Guid(3aec1e7ce5706a145b2c9c60a28646f6) Importer(815301076,1909f56bfc062723c751e8b465ee728b)  -> (artifact id: '2e11344abe76e60e433b3f7258eecc5e') in 0.021721 seconds 
  Import took 0.024389 seconds .

========================================================================
Received Import Request.
  Time since last request: 1.391819 seconds.
  path: Assets/Prefabs/Coin.prefab
  artifactKey: Guid(3aec1e7ce5706a145b2c9c60a28646f6) Importer(815301076,1909f56bfc062723c751e8b465ee728b)
Start importing Assets/Prefabs/Coin.prefab using Guid(3aec1e7ce5706a145b2c9c60a28646f6) Importer(815301076,1909f56bfc062723c751e8b465ee728b)  -> (artifact id: '0f2372f81f01a1934e8934e1ad4e5a66') in 0.033660 seconds 
  Import took 0.038588 seconds .

========================================================================
Received Import Request.
  Time since last request: 3.997180 seconds.
  path: Assets/Prefabs/Coin.prefab
  artifactKey: Guid(3aec1e7ce5706a145b2c9c60a28646f6) Importer(815301076,1909f56bfc062723c751e8b465ee728b)
Start importing Assets/Prefabs/Coin.prefab using Guid(3aec1e7ce5706a145b2c9c60a28646f6) Importer(815301076,1909f56bfc062723c751e8b465ee728b)  -> (artifact id: '681bbcf1d4f0b912b0f57d42e96d1863') in 0.035164 seconds 
  Import took 0.038592 seconds .

========================================================================
Received Import Request.
  Time since last request: 4.823913 seconds.
  path: Assets/Prefabs/Coin.prefab
  artifactKey: Guid(3aec1e7ce5706a145b2c9c60a28646f6) Importer(815301076,1909f56bfc062723c751e8b465ee728b)
Start importing Assets/Prefabs/Coin.prefab using Guid(3aec1e7ce5706a145b2c9c60a28646f6) Importer(815301076,1909f56bfc062723c751e8b465ee728b)  -> (artifact id: '2343b2b52cf3ffeff751d635b5681c75') in 0.036088 seconds 
  Import took 0.040607 seconds .

========================================================================
Received Import Request.
  Time since last request: 2.394908 seconds.
  path: Assets/Prefabs/Coin.prefab
  artifactKey: Guid(3aec1e7ce5706a145b2c9c60a28646f6) Importer(815301076,1909f56bfc062723c751e8b465ee728b)
Start importing Assets/Prefabs/Coin.prefab using Guid(3aec1e7ce5706a145b2c9c60a28646f6) Importer(815301076,1909f56bfc062723c751e8b465ee728b)  -> (artifact id: '63bde983e754dab4d1d505232cf04ba5') in 0.028943 seconds 
  Import took 0.031998 seconds .

========================================================================
Received Import Request.
  Time since last request: 3.390153 seconds.
  path: Assets/Prefabs/Coin.prefab
  artifactKey: Guid(3aec1e7ce5706a145b2c9c60a28646f6) Importer(815301076,1909f56bfc062723c751e8b465ee728b)
Start importing Assets/Prefabs/Coin.prefab using Guid(3aec1e7ce5706a145b2c9c60a28646f6) Importer(815301076,1909f56bfc062723c751e8b465ee728b)  -> (artifact id: '7972b7be468d84d3f930cdcb2775b4c9') in 0.022589 seconds 
  Import took 0.025442 seconds .

========================================================================
Received Import Request.
  Time since last request: 1.599146 seconds.
  path: Assets/Prefabs/Coin.prefab
  artifactKey: Guid(3aec1e7ce5706a145b2c9c60a28646f6) Importer(815301076,1909f56bfc062723c751e8b465ee728b)
Start importing Assets/Prefabs/Coin.prefab using Guid(3aec1e7ce5706a145b2c9c60a28646f6) Importer(815301076,1909f56bfc062723c751e8b465ee728b)  -> (artifact id: '6357609fa06ceefe1c121ea476191907') in 0.025514 seconds 
  Import took 0.029136 seconds .

========================================================================
Received Import Request.
  Time since last request: 0.002325 seconds.
  path: Assets/Prefabs/Coin.prefab
  artifactKey: Guid(3aec1e7ce5706a145b2c9c60a28646f6) Importer(815301076,1909f56bfc062723c751e8b465ee728b)
Start importing Assets/Prefabs/Coin.prefab using Guid(3aec1e7ce5706a145b2c9c60a28646f6) Importer(815301076,1909f56bfc062723c751e8b465ee728b)  -> (artifact id: '6357609fa06ceefe1c121ea476191907') in 0.027766 seconds 
  Import took 0.030957 seconds .

========================================================================
Received Import Request.
  Time since last request: 1.553247 seconds.
  path: Assets/Prefabs/Coin.prefab
  artifactKey: Guid(3aec1e7ce5706a145b2c9c60a28646f6) Importer(815301076,1909f56bfc062723c751e8b465ee728b)
Start importing Assets/Prefabs/Coin.prefab using Guid(3aec1e7ce5706a145b2c9c60a28646f6) Importer(815301076,1909f56bfc062723c751e8b465ee728b)  -> (artifact id: '3f6449e0f8620dd4d8d1513ef6d1de7a') in 0.029185 seconds 
  Import took 0.033312 seconds .

========================================================================
Received Import Request.
  Time since last request: 3.396185 seconds.
  path: Assets/Prefabs/Coin.prefab
  artifactKey: Guid(3aec1e7ce5706a145b2c9c60a28646f6) Importer(815301076,1909f56bfc062723c751e8b465ee728b)
Start importing Assets/Prefabs/Coin.prefab using Guid(3aec1e7ce5706a145b2c9c60a28646f6) Importer(815301076,1909f56bfc062723c751e8b465ee728b)  -> (artifact id: '21fcbfc070f1ece389932172ba623b90') in 0.025564 seconds 
  Import took 0.028787 seconds .

========================================================================
Received Import Request.
  Time since last request: 1.803959 seconds.
  path: Assets/Prefabs/Coin.prefab
  artifactKey: Guid(3aec1e7ce5706a145b2c9c60a28646f6) Importer(815301076,1909f56bfc062723c751e8b465ee728b)
Start importing Assets/Prefabs/Coin.prefab using Guid(3aec1e7ce5706a145b2c9c60a28646f6) Importer(815301076,1909f56bfc062723c751e8b465ee728b)  -> (artifact id: 'd9828af51c686cdf76711a76a0d71039') in 0.028069 seconds 
  Import took 0.030932 seconds .

========================================================================
Received Import Request.
  Time since last request: 1.387059 seconds.
  path: Assets/Prefabs/Coin.prefab
  artifactKey: Guid(3aec1e7ce5706a145b2c9c60a28646f6) Importer(815301076,1909f56bfc062723c751e8b465ee728b)
Start importing Assets/Prefabs/Coin.prefab using Guid(3aec1e7ce5706a145b2c9c60a28646f6) Importer(815301076,1909f56bfc062723c751e8b465ee728b)  -> (artifact id: '745e6b7a44687b5f26d38585eaf09038') in 0.027641 seconds 
  Import took 0.030519 seconds .

========================================================================
Received Import Request.
  Time since last request: 3.596722 seconds.
  path: Assets/Prefabs/Coin.prefab
  artifactKey: Guid(3aec1e7ce5706a145b2c9c60a28646f6) Importer(815301076,1909f56bfc062723c751e8b465ee728b)
Start importing Assets/Prefabs/Coin.prefab using Guid(3aec1e7ce5706a145b2c9c60a28646f6) Importer(815301076,1909f56bfc062723c751e8b465ee728b)  -> (artifact id: '5ad0cf58f9f749851612c759e0982afa') in 0.021806 seconds 
  Import took 0.025057 seconds .

========================================================================
Received Prepare
Registering precompiled user dll's ...
Registered in 0.003118 seconds.
Begin MonoManager ReloadAssembly
Native extension for WindowsStandalone target not found
Native extension for OSXStandalone target not found
Native extension for WebGL target not found
Refreshing native plugins compatible for Editor in 0.77 ms, found 2 plugins.
Preloading 0 native plugins for Editor in 0.00 ms.
Mono: successfully reloaded assembly
- Completed reload, in  1.721 seconds
Domain Reload Profiling:
	ReloadAssembly (1721ms)
		BeginReloadAssembly (174ms)
			ExecutionOrderSort (0ms)
			DisableScriptedObjects (5ms)
			BackupInstance (0ms)
			ReleaseScriptingObjects (0ms)
			CreateAndSetChildDomain (45ms)
		EndReloadAssembly (1431ms)
			LoadAssemblies (135ms)
			RebuildTransferFunctionScriptingTraits (0ms)
			SetupTypeCache (534ms)
			ReleaseScriptCaches (1ms)
			RebuildScriptCaches (67ms)
			SetupLoadedEditorAssemblies (488ms)
				LogAssemblyErrors (0ms)
				InitializePlatformSupportModulesInManaged (12ms)
				SetLoadedEditorAssemblies (2ms)
				RefreshPlugins (1ms)
				BeforeProcessingInitializeOnLoad (121ms)
				ProcessInitializeOnLoadAttributes (331ms)
				ProcessInitializeOnLoadMethodAttributes (8ms)
				AfterProcessingInitializeOnLoad (12ms)
				EditorAssembliesLoaded (1ms)
			ExecutionOrderSort2 (0ms)
			AwakeInstancesAfterBackupRestoration (13ms)
Platform modules already initialized, skipping
Switching build target platform(19) subTarget(0) extendedPlatform(0) -> platform(13) subTarget(589824) extendedPlatform(0)
Refreshing native plugins compatible for Editor in 0.25 ms, found 2 plugins.
Preloading 0 native plugins for Editor in 0.00 ms.
Unloading 1404 Unused Serialized files (Serialized files now loaded: 0)
System memory in use before: 70.5 MB.
System memory in use after: 70.6 MB.

Unloading 11 unused Assets to reduce memory usage. Loaded Objects now: 1871.
Total: 2.703400 ms (FindLiveObjects: 0.129000 ms CreateObjectMapping: 0.037500 ms MarkObjects: 2.511400 ms  DeleteObjects: 0.024200 ms)

AssetImportParameters requested are different than current active one (requested -> active):
  custom:framework-win-MediaFoundation: 216162199b28c13a410421893ffa2e32 -> 
  custom:video-decoder-ogg-theora: a1e56fd34408186e4bbccfd4996cb3dc -> 
  custom:container-muxer-webm: aa71ff27fc2769a1b78a27578f13a17b -> 
  custom:container-demuxer-webm: 4f35f7cbe854078d1ac9338744f61a02 -> 
  custom:container-demuxer-ogg: 62fdf1f143b41e24485cea50d1cbac27 -> 
  custom:video-encoder-webm-vp8: eb34c28f22e8b96e1ab97ce403110664 -> 
  custom:video-codec-MediaFoundation-h265: 746d11721c4dcdbdad8f713fa42b33f4 -> 
  custom:video-decoder-webm-vp8: 9c59270c3fd7afecdb556c50c9e8de78 -> 
  custom:graphics/normal-map-encoding: 01000000000000000000000000000000 -> 02000000000000000000000000000000
  custom:audio-decoder-ogg-vorbis: bf7c407c2cedff20999df2af8eb42d56 -> 
  custom:audio-encoder-webm-vorbis: bf7c407c2cedff20999df2af8eb42d56 -> 
========================================================================
Received Prepare
Registering precompiled user dll's ...
Registered in 0.003034 seconds.
Begin MonoManager ReloadAssembly
Native extension for WindowsStandalone target not found
Native extension for OSXStandalone target not found
Native extension for WebGL target not found
Refreshing native plugins compatible for Editor in 0.30 ms, found 2 plugins.
Preloading 0 native plugins for Editor in 0.00 ms.
Mono: successfully reloaded assembly
- Completed reload, in  1.713 seconds
Domain Reload Profiling:
	ReloadAssembly (1714ms)
		BeginReloadAssembly (221ms)
			ExecutionOrderSort (0ms)
			DisableScriptedObjects (9ms)
			BackupInstance (0ms)
			ReleaseScriptingObjects (0ms)
			CreateAndSetChildDomain (69ms)
		EndReloadAssembly (1366ms)
			LoadAssemblies (180ms)
			RebuildTransferFunctionScriptingTraits (0ms)
			SetupTypeCache (420ms)
			ReleaseScriptCaches (1ms)
			RebuildScriptCaches (79ms)
			SetupLoadedEditorAssemblies (501ms)
				LogAssemblyErrors (0ms)
				InitializePlatformSupportModulesInManaged (6ms)
				SetLoadedEditorAssemblies (0ms)
				RefreshPlugins (0ms)
				BeforeProcessingInitializeOnLoad (104ms)
				ProcessInitializeOnLoadAttributes (365ms)
				ProcessInitializeOnLoadMethodAttributes (8ms)
				AfterProcessingInitializeOnLoad (16ms)
				EditorAssembliesLoaded (1ms)
			ExecutionOrderSort2 (0ms)
			AwakeInstancesAfterBackupRestoration (15ms)
Platform modules already initialized, skipping
Switching build target platform(19) subTarget(0) extendedPlatform(0) -> platform(13) subTarget(589824) extendedPlatform(0)
Refreshing native plugins compatible for Editor in 0.35 ms, found 2 plugins.
Preloading 0 native plugins for Editor in 0.00 ms.
Unloading 1404 Unused Serialized files (Serialized files now loaded: 0)
System memory in use before: 70.5 MB.
System memory in use after: 70.6 MB.

Unloading 11 unused Assets to reduce memory usage. Loaded Objects now: 1873.
Total: 4.652900 ms (FindLiveObjects: 0.127600 ms CreateObjectMapping: 0.039000 ms MarkObjects: 4.454400 ms  DeleteObjects: 0.030400 ms)

AssetImportParameters requested are different than current active one (requested -> active):
  custom:framework-win-MediaFoundation: 216162199b28c13a410421893ffa2e32 -> 
  custom:video-decoder-ogg-theora: a1e56fd34408186e4bbccfd4996cb3dc -> 
  custom:container-muxer-webm: aa71ff27fc2769a1b78a27578f13a17b -> 
  custom:container-demuxer-webm: 4f35f7cbe854078d1ac9338744f61a02 -> 
  custom:container-demuxer-ogg: 62fdf1f143b41e24485cea50d1cbac27 -> 
  custom:video-encoder-webm-vp8: eb34c28f22e8b96e1ab97ce403110664 -> 
  custom:video-codec-MediaFoundation-h265: 746d11721c4dcdbdad8f713fa42b33f4 -> 
  custom:video-decoder-webm-vp8: 9c59270c3fd7afecdb556c50c9e8de78 -> 
  custom:graphics/normal-map-encoding: 01000000000000000000000000000000 -> 02000000000000000000000000000000
  custom:audio-decoder-ogg-vorbis: bf7c407c2cedff20999df2af8eb42d56 -> 
  custom:audio-encoder-webm-vorbis: bf7c407c2cedff20999df2af8eb42d56 -> 
========================================================================
Received Prepare
Registering precompiled user dll's ...
Registered in 0.006590 seconds.
Begin MonoManager ReloadAssembly
Native extension for WindowsStandalone target not found
Native extension for OSXStandalone target not found
Native extension for WebGL target not found
Refreshing native plugins compatible for Editor in 0.61 ms, found 2 plugins.
Preloading 0 native plugins for Editor in 0.00 ms.
Mono: successfully reloaded assembly
- Completed reload, in  1.824 seconds
Domain Reload Profiling:
	ReloadAssembly (1825ms)
		BeginReloadAssembly (190ms)
			ExecutionOrderSort (0ms)
			DisableScriptedObjects (13ms)
			BackupInstance (0ms)
			ReleaseScriptingObjects (0ms)
			CreateAndSetChildDomain (49ms)
		EndReloadAssembly (1510ms)
			LoadAssemblies (168ms)
			RebuildTransferFunctionScriptingTraits (0ms)
			SetupTypeCache (499ms)
			ReleaseScriptCaches (1ms)
			RebuildScriptCaches (76ms)
			SetupLoadedEditorAssemblies (540ms)
				LogAssemblyErrors (0ms)
				InitializePlatformSupportModulesInManaged (16ms)
				SetLoadedEditorAssemblies (1ms)
				RefreshPlugins (1ms)
				BeforeProcessingInitializeOnLoad (149ms)
				ProcessInitializeOnLoadAttributes (362ms)
				ProcessInitializeOnLoadMethodAttributes (3ms)
				AfterProcessingInitializeOnLoad (7ms)
				EditorAssembliesLoaded (0ms)
			ExecutionOrderSort2 (0ms)
			AwakeInstancesAfterBackupRestoration (11ms)
Platform modules already initialized, skipping
Switching build target platform(19) subTarget(0) extendedPlatform(0) -> platform(13) subTarget(589824) extendedPlatform(0)
Refreshing native plugins compatible for Editor in 0.41 ms, found 2 plugins.
Preloading 0 native plugins for Editor in 0.00 ms.
Unloading 1404 Unused Serialized files (Serialized files now loaded: 0)
System memory in use before: 70.5 MB.
System memory in use after: 70.7 MB.

Unloading 11 unused Assets to reduce memory usage. Loaded Objects now: 1875.
Total: 3.230500 ms (FindLiveObjects: 0.223600 ms CreateObjectMapping: 0.053200 ms MarkObjects: 2.932400 ms  DeleteObjects: 0.019500 ms)

AssetImportParameters requested are different than current active one (requested -> active):
  custom:framework-win-MediaFoundation: 216162199b28c13a410421893ffa2e32 -> 
  custom:video-decoder-ogg-theora: a1e56fd34408186e4bbccfd4996cb3dc -> 
  custom:container-muxer-webm: aa71ff27fc2769a1b78a27578f13a17b -> 
  custom:container-demuxer-webm: 4f35f7cbe854078d1ac9338744f61a02 -> 
  custom:container-demuxer-ogg: 62fdf1f143b41e24485cea50d1cbac27 -> 
  custom:video-encoder-webm-vp8: eb34c28f22e8b96e1ab97ce403110664 -> 
  custom:video-codec-MediaFoundation-h265: 746d11721c4dcdbdad8f713fa42b33f4 -> 
  custom:video-decoder-webm-vp8: 9c59270c3fd7afecdb556c50c9e8de78 -> 
  custom:graphics/normal-map-encoding: 01000000000000000000000000000000 -> 02000000000000000000000000000000
  custom:audio-decoder-ogg-vorbis: bf7c407c2cedff20999df2af8eb42d56 -> 
  custom:audio-encoder-webm-vorbis: bf7c407c2cedff20999df2af8eb42d56 -> 
========================================================================
Received Prepare
Registering precompiled user dll's ...
Registered in 0.002746 seconds.
Begin MonoManager ReloadAssembly
Native extension for WindowsStandalone target not found
Native extension for OSXStandalone target not found
Native extension for WebGL target not found
Refreshing native plugins compatible for Editor in 0.49 ms, found 2 plugins.
Preloading 0 native plugins for Editor in 0.00 ms.
Mono: successfully reloaded assembly
- Completed reload, in  1.694 seconds
Domain Reload Profiling:
	ReloadAssembly (1694ms)
		BeginReloadAssembly (168ms)
			ExecutionOrderSort (0ms)
			DisableScriptedObjects (15ms)
			BackupInstance (0ms)
			ReleaseScriptingObjects (0ms)
			CreateAndSetChildDomain (39ms)
		EndReloadAssembly (1385ms)
			LoadAssemblies (158ms)
			RebuildTransferFunctionScriptingTraits (0ms)
			SetupTypeCache (424ms)
			ReleaseScriptCaches (1ms)
			RebuildScriptCaches (58ms)
			SetupLoadedEditorAssemblies (525ms)
				LogAssemblyErrors (0ms)
				InitializePlatformSupportModulesInManaged (18ms)
				SetLoadedEditorAssemblies (1ms)
				RefreshPlugins (1ms)
				BeforeProcessingInitializeOnLoad (116ms)
				ProcessInitializeOnLoadAttributes (371ms)
				ProcessInitializeOnLoadMethodAttributes (7ms)
				AfterProcessingInitializeOnLoad (10ms)
				EditorAssembliesLoaded (0ms)
			ExecutionOrderSort2 (0ms)
			AwakeInstancesAfterBackupRestoration (10ms)
Platform modules already initialized, skipping
Switching build target platform(19) subTarget(0) extendedPlatform(0) -> platform(13) subTarget(589824) extendedPlatform(0)
Refreshing native plugins compatible for Editor in 0.38 ms, found 2 plugins.
Preloading 0 native plugins for Editor in 0.00 ms.
Unloading 1404 Unused Serialized files (Serialized files now loaded: 0)
System memory in use before: 70.6 MB.
System memory in use after: 70.7 MB.

Unloading 11 unused Assets to reduce memory usage. Loaded Objects now: 1877.
Total: 2.312000 ms (FindLiveObjects: 0.118600 ms CreateObjectMapping: 0.039500 ms MarkObjects: 2.136000 ms  DeleteObjects: 0.016700 ms)

AssetImportParameters requested are different than current active one (requested -> active):
  custom:framework-win-MediaFoundation: 216162199b28c13a410421893ffa2e32 -> 
  custom:video-decoder-ogg-theora: a1e56fd34408186e4bbccfd4996cb3dc -> 
  custom:container-muxer-webm: aa71ff27fc2769a1b78a27578f13a17b -> 
  custom:container-demuxer-webm: 4f35f7cbe854078d1ac9338744f61a02 -> 
  custom:container-demuxer-ogg: 62fdf1f143b41e24485cea50d1cbac27 -> 
  custom:video-encoder-webm-vp8: eb34c28f22e8b96e1ab97ce403110664 -> 
  custom:video-codec-MediaFoundation-h265: 746d11721c4dcdbdad8f713fa42b33f4 -> 
  custom:video-decoder-webm-vp8: 9c59270c3fd7afecdb556c50c9e8de78 -> 
  custom:graphics/normal-map-encoding: 01000000000000000000000000000000 -> 02000000000000000000000000000000
  custom:audio-decoder-ogg-vorbis: bf7c407c2cedff20999df2af8eb42d56 -> 
  custom:audio-encoder-webm-vorbis: bf7c407c2cedff20999df2af8eb42d56 -> 
========================================================================
Received Prepare
Registering precompiled user dll's ...
Registered in 0.002520 seconds.
Begin MonoManager ReloadAssembly
Native extension for WindowsStandalone target not found
Native extension for OSXStandalone target not found
Native extension for WebGL target not found
Refreshing native plugins compatible for Editor in 0.54 ms, found 2 plugins.
Preloading 0 native plugins for Editor in 0.00 ms.
Mono: successfully reloaded assembly
- Completed reload, in  1.833 seconds
Domain Reload Profiling:
	ReloadAssembly (1834ms)
		BeginReloadAssembly (139ms)
			ExecutionOrderSort (0ms)
			DisableScriptedObjects (4ms)
			BackupInstance (0ms)
			ReleaseScriptingObjects (0ms)
			CreateAndSetChildDomain (39ms)
		EndReloadAssembly (1572ms)
			LoadAssemblies (131ms)
			RebuildTransferFunctionScriptingTraits (0ms)
			SetupTypeCache (535ms)
			ReleaseScriptCaches (2ms)
			RebuildScriptCaches (97ms)
			SetupLoadedEditorAssemblies (487ms)
				LogAssemblyErrors (0ms)
				InitializePlatformSupportModulesInManaged (16ms)
				SetLoadedEditorAssemblies (1ms)
				RefreshPlugins (1ms)
				BeforeProcessingInitializeOnLoad (134ms)
				ProcessInitializeOnLoadAttributes (327ms)
				ProcessInitializeOnLoadMethodAttributes (3ms)
				AfterProcessingInitializeOnLoad (6ms)
				EditorAssembliesLoaded (0ms)
			ExecutionOrderSort2 (0ms)
			AwakeInstancesAfterBackupRestoration (6ms)
Platform modules already initialized, skipping
Switching build target platform(19) subTarget(0) extendedPlatform(0) -> platform(13) subTarget(589824) extendedPlatform(0)
Refreshing native plugins compatible for Editor in 0.63 ms, found 2 plugins.
Preloading 0 native plugins for Editor in 0.00 ms.
Unloading 1404 Unused Serialized files (Serialized files now loaded: 0)
System memory in use before: 70.6 MB.
System memory in use after: 70.7 MB.

Unloading 11 unused Assets to reduce memory usage. Loaded Objects now: 1879.
Total: 4.140000 ms (FindLiveObjects: 0.104600 ms CreateObjectMapping: 0.031300 ms MarkObjects: 3.986500 ms  DeleteObjects: 0.016100 ms)

AssetImportParameters requested are different than current active one (requested -> active):
  custom:framework-win-MediaFoundation: 216162199b28c13a410421893ffa2e32 -> 
  custom:video-decoder-ogg-theora: a1e56fd34408186e4bbccfd4996cb3dc -> 
  custom:container-muxer-webm: aa71ff27fc2769a1b78a27578f13a17b -> 
  custom:container-demuxer-webm: 4f35f7cbe854078d1ac9338744f61a02 -> 
  custom:container-demuxer-ogg: 62fdf1f143b41e24485cea50d1cbac27 -> 
  custom:video-encoder-webm-vp8: eb34c28f22e8b96e1ab97ce403110664 -> 
  custom:video-codec-MediaFoundation-h265: 746d11721c4dcdbdad8f713fa42b33f4 -> 
  custom:video-decoder-webm-vp8: 9c59270c3fd7afecdb556c50c9e8de78 -> 
  custom:graphics/normal-map-encoding: 01000000000000000000000000000000 -> 02000000000000000000000000000000
  custom:audio-decoder-ogg-vorbis: bf7c407c2cedff20999df2af8eb42d56 -> 
  custom:audio-encoder-webm-vorbis: bf7c407c2cedff20999df2af8eb42d56 -> 
========================================================================
Received Import Request.
  Time since last request: 1109.473733 seconds.
  path: Assets/Prefabs/ChestOpen.prefab
  artifactKey: Guid(ce236a768b69d5f4eae5ba3029c1e01e) Importer(815301076,1909f56bfc062723c751e8b465ee728b)
Start importing Assets/Prefabs/ChestOpen.prefab using Guid(ce236a768b69d5f4eae5ba3029c1e01e) Importer(815301076,1909f56bfc062723c751e8b465ee728b)  -> (artifact id: '9b08223696779d99a92234cf0fbf16b3') in 0.234240 seconds 
  Import took 0.238572 seconds .

========================================================================
Received Import Request.
  Time since last request: 0.355067 seconds.
  path: Assets/Prefabs/ChestOpen.prefab
  artifactKey: Guid(ce236a768b69d5f4eae5ba3029c1e01e) Importer(815301076,1909f56bfc062723c751e8b465ee728b)
Start importing Assets/Prefabs/ChestOpen.prefab using Guid(ce236a768b69d5f4eae5ba3029c1e01e) Importer(815301076,1909f56bfc062723c751e8b465ee728b)  -> (artifact id: 'b777a221e71258c364541b7076af8371') in 0.075040 seconds 
  Import took 0.080929 seconds .

========================================================================
Received Prepare
Registering precompiled user dll's ...
Registered in 0.003032 seconds.
Begin MonoManager ReloadAssembly
Native extension for WindowsStandalone target not found
Native extension for OSXStandalone target not found
Native extension for WebGL target not found
Refreshing native plugins compatible for Editor in 0.67 ms, found 2 plugins.
Preloading 0 native plugins for Editor in 0.00 ms.
Mono: successfully reloaded assembly
- Completed reload, in  1.934 seconds
Domain Reload Profiling:
	ReloadAssembly (1934ms)
		BeginReloadAssembly (194ms)
			ExecutionOrderSort (0ms)
			DisableScriptedObjects (9ms)
			BackupInstance (0ms)
			ReleaseScriptingObjects (0ms)
			CreateAndSetChildDomain (59ms)
		EndReloadAssembly (1600ms)
			LoadAssemblies (137ms)
			RebuildTransferFunctionScriptingTraits (0ms)
			SetupTypeCache (575ms)
			ReleaseScriptCaches (1ms)
			RebuildScriptCaches (63ms)
			SetupLoadedEditorAssemblies (553ms)
				LogAssemblyErrors (0ms)
				InitializePlatformSupportModulesInManaged (20ms)
				SetLoadedEditorAssemblies (1ms)
				RefreshPlugins (1ms)
				BeforeProcessingInitializeOnLoad (104ms)
				ProcessInitializeOnLoadAttributes (399ms)
				ProcessInitializeOnLoadMethodAttributes (9ms)
				AfterProcessingInitializeOnLoad (18ms)
				EditorAssembliesLoaded (1ms)
			ExecutionOrderSort2 (0ms)
			AwakeInstancesAfterBackupRestoration (16ms)
Platform modules already initialized, skipping
Switching build target platform(19) subTarget(0) extendedPlatform(0) -> platform(13) subTarget(589824) extendedPlatform(0)
Refreshing native plugins compatible for Editor in 0.66 ms, found 2 plugins.
Preloading 0 native plugins for Editor in 0.00 ms.
Unloading 1404 Unused Serialized files (Serialized files now loaded: 0)
System memory in use before: 84.2 MB.
System memory in use after: 84.3 MB.

Unloading 11 unused Assets to reduce memory usage. Loaded Objects now: 1883.
Total: 5.860600 ms (FindLiveObjects: 0.183900 ms CreateObjectMapping: 0.068400 ms MarkObjects: 5.545000 ms  DeleteObjects: 0.061300 ms)

AssetImportParameters requested are different than current active one (requested -> active):
  custom:framework-win-MediaFoundation: 216162199b28c13a410421893ffa2e32 -> 
  custom:video-decoder-ogg-theora: a1e56fd34408186e4bbccfd4996cb3dc -> 
  custom:container-muxer-webm: aa71ff27fc2769a1b78a27578f13a17b -> 
  custom:container-demuxer-webm: 4f35f7cbe854078d1ac9338744f61a02 -> 
  custom:container-demuxer-ogg: 62fdf1f143b41e24485cea50d1cbac27 -> 
  custom:video-encoder-webm-vp8: eb34c28f22e8b96e1ab97ce403110664 -> 
  custom:video-codec-MediaFoundation-h265: 746d11721c4dcdbdad8f713fa42b33f4 -> 
  custom:video-decoder-webm-vp8: 9c59270c3fd7afecdb556c50c9e8de78 -> 
  custom:graphics/normal-map-encoding: 01000000000000000000000000000000 -> 02000000000000000000000000000000
  custom:audio-decoder-ogg-vorbis: bf7c407c2cedff20999df2af8eb42d56 -> 
  custom:audio-encoder-webm-vorbis: bf7c407c2cedff20999df2af8eb42d56 -> 
========================================================================
Received Prepare
Registering precompiled user dll's ...
Registered in 0.002647 seconds.
Begin MonoManager ReloadAssembly
Native extension for WindowsStandalone target not found
Native extension for OSXStandalone target not found
Native extension for WebGL target not found
Refreshing native plugins compatible for Editor in 0.63 ms, found 2 plugins.
Preloading 0 native plugins for Editor in 0.00 ms.
Mono: successfully reloaded assembly
- Completed reload, in  1.747 seconds
Domain Reload Profiling:
	ReloadAssembly (1748ms)
		BeginReloadAssembly (184ms)
			ExecutionOrderSort (0ms)
			DisableScriptedObjects (13ms)
			BackupInstance (0ms)
			ReleaseScriptingObjects (0ms)
			CreateAndSetChildDomain (61ms)
		EndReloadAssembly (1452ms)
			LoadAssemblies (175ms)
			RebuildTransferFunctionScriptingTraits (0ms)
			SetupTypeCache (441ms)
			ReleaseScriptCaches (1ms)
			RebuildScriptCaches (79ms)
			SetupLoadedEditorAssemblies (498ms)
				LogAssemblyErrors (0ms)
				InitializePlatformSupportModulesInManaged (16ms)
				SetLoadedEditorAssemblies (1ms)
				RefreshPlugins (1ms)
				BeforeProcessingInitializeOnLoad (113ms)
				ProcessInitializeOnLoadAttributes (348ms)
				ProcessInitializeOnLoadMethodAttributes (8ms)
				AfterProcessingInitializeOnLoad (11ms)
				EditorAssembliesLoaded (1ms)
			ExecutionOrderSort2 (0ms)
			AwakeInstancesAfterBackupRestoration (15ms)
Platform modules already initialized, skipping
Switching build target platform(19) subTarget(0) extendedPlatform(0) -> platform(13) subTarget(589824) extendedPlatform(0)
Refreshing native plugins compatible for Editor in 0.30 ms, found 2 plugins.
Preloading 0 native plugins for Editor in 0.00 ms.
Unloading 1404 Unused Serialized files (Serialized files now loaded: 0)
System memory in use before: 84.2 MB.
System memory in use after: 84.3 MB.

Unloading 11 unused Assets to reduce memory usage. Loaded Objects now: 1885.
Total: 2.741500 ms (FindLiveObjects: 0.128200 ms CreateObjectMapping: 0.035400 ms MarkObjects: 2.559500 ms  DeleteObjects: 0.017100 ms)

AssetImportParameters requested are different than current active one (requested -> active):
  custom:framework-win-MediaFoundation: 216162199b28c13a410421893ffa2e32 -> 
  custom:video-decoder-ogg-theora: a1e56fd34408186e4bbccfd4996cb3dc -> 
  custom:container-muxer-webm: aa71ff27fc2769a1b78a27578f13a17b -> 
  custom:container-demuxer-webm: 4f35f7cbe854078d1ac9338744f61a02 -> 
  custom:container-demuxer-ogg: 62fdf1f143b41e24485cea50d1cbac27 -> 
  custom:video-encoder-webm-vp8: eb34c28f22e8b96e1ab97ce403110664 -> 
  custom:video-codec-MediaFoundation-h265: 746d11721c4dcdbdad8f713fa42b33f4 -> 
  custom:video-decoder-webm-vp8: 9c59270c3fd7afecdb556c50c9e8de78 -> 
  custom:graphics/normal-map-encoding: 01000000000000000000000000000000 -> 02000000000000000000000000000000
  custom:audio-decoder-ogg-vorbis: bf7c407c2cedff20999df2af8eb42d56 -> 
  custom:audio-encoder-webm-vorbis: bf7c407c2cedff20999df2af8eb42d56 -> 
========================================================================
Received Import Request.
  Time since last request: 564.525179 seconds.
  path: Assets/Prefabs/Coin.prefab
  artifactKey: Guid(3aec1e7ce5706a145b2c9c60a28646f6) Importer(815301076,1909f56bfc062723c751e8b465ee728b)
Start importing Assets/Prefabs/Coin.prefab using Guid(3aec1e7ce5706a145b2c9c60a28646f6) Importer(815301076,1909f56bfc062723c751e8b465ee728b)  -> (artifact id: '79985177a68272176ea3b9bf3e2599a8') in 0.129251 seconds 
  Import took 0.132006 seconds .

========================================================================
Received Import Request.
  Time since last request: 0.000304 seconds.
  path: Assets/Prefabs/Bomb.prefab
  artifactKey: Guid(be1a7a780696dda40965cf91f934c9d6) Importer(815301076,1909f56bfc062723c751e8b465ee728b)
Start importing Assets/Prefabs/Bomb.prefab using Guid(be1a7a780696dda40965cf91f934c9d6) Importer(815301076,1909f56bfc062723c751e8b465ee728b)  -> (artifact id: '4cadafc151c62e4068902ca8901e1d55') in 0.055544 seconds 
  Import took 0.063761 seconds .

========================================================================
Received Prepare
Registering precompiled user dll's ...
Registered in 0.005080 seconds.
Begin MonoManager ReloadAssembly
Native extension for WindowsStandalone target not found
Native extension for OSXStandalone target not found
Native extension for WebGL target not found
Refreshing native plugins compatible for Editor in 0.65 ms, found 2 plugins.
Preloading 0 native plugins for Editor in 0.00 ms.
Mono: successfully reloaded assembly
- Completed reload, in  1.856 seconds
Domain Reload Profiling:
	ReloadAssembly (1856ms)
		BeginReloadAssembly (170ms)
			ExecutionOrderSort (0ms)
			DisableScriptedObjects (5ms)
			BackupInstance (0ms)
			ReleaseScriptingObjects (0ms)
			CreateAndSetChildDomain (46ms)
		EndReloadAssembly (1561ms)
			LoadAssemblies (120ms)
			RebuildTransferFunctionScriptingTraits (0ms)
			SetupTypeCache (528ms)
			ReleaseScriptCaches (1ms)
			RebuildScriptCaches (74ms)
			SetupLoadedEditorAssemblies (543ms)
				LogAssemblyErrors (0ms)
				InitializePlatformSupportModulesInManaged (18ms)
				SetLoadedEditorAssemblies (1ms)
				RefreshPlugins (1ms)
				BeforeProcessingInitializeOnLoad (117ms)
				ProcessInitializeOnLoadAttributes (384ms)
				ProcessInitializeOnLoadMethodAttributes (8ms)
				AfterProcessingInitializeOnLoad (14ms)
				EditorAssembliesLoaded (1ms)
			ExecutionOrderSort2 (0ms)
			AwakeInstancesAfterBackupRestoration (17ms)
Platform modules already initialized, skipping
Switching build target platform(19) subTarget(0) extendedPlatform(0) -> platform(13) subTarget(589824) extendedPlatform(0)
Refreshing native plugins compatible for Editor in 0.29 ms, found 2 plugins.
Preloading 0 native plugins for Editor in 0.00 ms.
Unloading 1404 Unused Serialized files (Serialized files now loaded: 0)
System memory in use before: 84.3 MB.
System memory in use after: 84.4 MB.

Unloading 13 unused Assets to reduce memory usage. Loaded Objects now: 1888.
Total: 2.560500 ms (FindLiveObjects: 0.177400 ms CreateObjectMapping: 0.061900 ms MarkObjects: 2.259100 ms  DeleteObjects: 0.061000 ms)

AssetImportParameters requested are different than current active one (requested -> active):
  custom:framework-win-MediaFoundation: 216162199b28c13a410421893ffa2e32 -> 
  custom:video-decoder-ogg-theora: a1e56fd34408186e4bbccfd4996cb3dc -> 
  custom:container-muxer-webm: aa71ff27fc2769a1b78a27578f13a17b -> 
  custom:container-demuxer-webm: 4f35f7cbe854078d1ac9338744f61a02 -> 
  custom:container-demuxer-ogg: 62fdf1f143b41e24485cea50d1cbac27 -> 
  custom:video-encoder-webm-vp8: eb34c28f22e8b96e1ab97ce403110664 -> 
  custom:video-codec-MediaFoundation-h265: 746d11721c4dcdbdad8f713fa42b33f4 -> 
  custom:video-decoder-webm-vp8: 9c59270c3fd7afecdb556c50c9e8de78 -> 
  custom:graphics/normal-map-encoding: 01000000000000000000000000000000 -> 02000000000000000000000000000000
  custom:audio-decoder-ogg-vorbis: bf7c407c2cedff20999df2af8eb42d56 -> 
  custom:audio-encoder-webm-vorbis: bf7c407c2cedff20999df2af8eb42d56 -> 
========================================================================
Received Import Request.
  Time since last request: 54.639039 seconds.
  path: Assets/Prefabs/Coin.prefab
  artifactKey: Guid(3aec1e7ce5706a145b2c9c60a28646f6) Importer(815301076,1909f56bfc062723c751e8b465ee728b)
Start importing Assets/Prefabs/Coin.prefab using Guid(3aec1e7ce5706a145b2c9c60a28646f6) Importer(815301076,1909f56bfc062723c751e8b465ee728b)  -> (artifact id: 'c43104f52942a8c2f76709573ad97503') in 0.085071 seconds 
  Import took 0.088147 seconds .

========================================================================
Received Import Request.
  Time since last request: 4.342600 seconds.
  path: Assets/Prefabs/Coin.prefab
  artifactKey: Guid(3aec1e7ce5706a145b2c9c60a28646f6) Importer(815301076,1909f56bfc062723c751e8b465ee728b)
Start importing Assets/Prefabs/Coin.prefab using Guid(3aec1e7ce5706a145b2c9c60a28646f6) Importer(815301076,1909f56bfc062723c751e8b465ee728b)  -> (artifact id: 'da1dbec1a9b19cd7108a9e7e58e529d4') in 0.026913 seconds 
  Import took 0.031158 seconds .

========================================================================
Received Prepare
Registering precompiled user dll's ...
Registered in 0.003727 seconds.
Begin MonoManager ReloadAssembly
Native extension for WindowsStandalone target not found
Native extension for OSXStandalone target not found
Native extension for WebGL target not found
Refreshing native plugins compatible for Editor in 0.27 ms, found 2 plugins.
Preloading 0 native plugins for Editor in 0.00 ms.
Mono: successfully reloaded assembly
- Completed reload, in  1.936 seconds
Domain Reload Profiling:
	ReloadAssembly (1937ms)
		BeginReloadAssembly (157ms)
			ExecutionOrderSort (0ms)
			DisableScriptedObjects (9ms)
			BackupInstance (0ms)
			ReleaseScriptingObjects (0ms)
			CreateAndSetChildDomain (37ms)
		EndReloadAssembly (1656ms)
			LoadAssemblies (147ms)
			RebuildTransferFunctionScriptingTraits (0ms)
			SetupTypeCache (540ms)
			ReleaseScriptCaches (2ms)
			RebuildScriptCaches (85ms)
			SetupLoadedEditorAssemblies (578ms)
				LogAssemblyErrors (0ms)
				InitializePlatformSupportModulesInManaged (7ms)
				SetLoadedEditorAssemblies (0ms)
				RefreshPlugins (0ms)
				BeforeProcessingInitializeOnLoad (105ms)
				ProcessInitializeOnLoadAttributes (451ms)
				ProcessInitializeOnLoadMethodAttributes (3ms)
				AfterProcessingInitializeOnLoad (9ms)
				EditorAssembliesLoaded (1ms)
			ExecutionOrderSort2 (0ms)
			AwakeInstancesAfterBackupRestoration (15ms)
Platform modules already initialized, skipping
Switching build target platform(19) subTarget(0) extendedPlatform(0) -> platform(13) subTarget(589824) extendedPlatform(0)
Refreshing native plugins compatible for Editor in 1.14 ms, found 2 plugins.
Preloading 0 native plugins for Editor in 0.00 ms.
Unloading 1404 Unused Serialized files (Serialized files now loaded: 0)
System memory in use before: 84.3 MB.
System memory in use after: 84.4 MB.

Unloading 11 unused Assets to reduce memory usage. Loaded Objects now: 1891.
Total: 5.583700 ms (FindLiveObjects: 0.112500 ms CreateObjectMapping: 0.027700 ms MarkObjects: 5.409700 ms  DeleteObjects: 0.032300 ms)

AssetImportParameters requested are different than current active one (requested -> active):
  custom:framework-win-MediaFoundation: 216162199b28c13a410421893ffa2e32 -> 
  custom:video-decoder-ogg-theora: a1e56fd34408186e4bbccfd4996cb3dc -> 
  custom:container-muxer-webm: aa71ff27fc2769a1b78a27578f13a17b -> 
  custom:container-demuxer-webm: 4f35f7cbe854078d1ac9338744f61a02 -> 
  custom:container-demuxer-ogg: 62fdf1f143b41e24485cea50d1cbac27 -> 
  custom:video-encoder-webm-vp8: eb34c28f22e8b96e1ab97ce403110664 -> 
  custom:video-codec-MediaFoundation-h265: 746d11721c4dcdbdad8f713fa42b33f4 -> 
  custom:video-decoder-webm-vp8: 9c59270c3fd7afecdb556c50c9e8de78 -> 
  custom:graphics/normal-map-encoding: 01000000000000000000000000000000 -> 02000000000000000000000000000000
  custom:audio-decoder-ogg-vorbis: bf7c407c2cedff20999df2af8eb42d56 -> 
  custom:audio-encoder-webm-vorbis: bf7c407c2cedff20999df2af8eb42d56 -> 
========================================================================
Received Prepare
Registering precompiled user dll's ...
Registered in 0.002623 seconds.
Begin MonoManager ReloadAssembly
Native extension for WindowsStandalone target not found
Native extension for OSXStandalone target not found
Native extension for WebGL target not found
Refreshing native plugins compatible for Editor in 0.38 ms, found 2 plugins.
Preloading 0 native plugins for Editor in 0.00 ms.
Mono: successfully reloaded assembly
- Completed reload, in  1.773 seconds
Domain Reload Profiling:
	ReloadAssembly (1774ms)
		BeginReloadAssembly (204ms)
			ExecutionOrderSort (0ms)
			DisableScriptedObjects (14ms)
			BackupInstance (0ms)
			ReleaseScriptingObjects (1ms)
			CreateAndSetChildDomain (52ms)
		EndReloadAssembly (1453ms)
			LoadAssemblies (140ms)
			RebuildTransferFunctionScriptingTraits (0ms)
			SetupTypeCache (463ms)
			ReleaseScriptCaches (1ms)
			RebuildScriptCaches (57ms)
			SetupLoadedEditorAssemblies (546ms)
				LogAssemblyErrors (0ms)
				InitializePlatformSupportModulesInManaged (14ms)
				SetLoadedEditorAssemblies (1ms)
				RefreshPlugins (0ms)
				BeforeProcessingInitializeOnLoad (110ms)
				ProcessInitializeOnLoadAttributes (400ms)
				ProcessInitializeOnLoadMethodAttributes (7ms)
				AfterProcessingInitializeOnLoad (13ms)
				EditorAssembliesLoaded (1ms)
			ExecutionOrderSort2 (0ms)
			AwakeInstancesAfterBackupRestoration (17ms)
Platform modules already initialized, skipping
Switching build target platform(19) subTarget(0) extendedPlatform(0) -> platform(13) subTarget(589824) extendedPlatform(0)
Refreshing native plugins compatible for Editor in 0.26 ms, found 2 plugins.
Preloading 0 native plugins for Editor in 0.00 ms.
Unloading 1404 Unused Serialized files (Serialized files now loaded: 0)
System memory in use before: 84.3 MB.
System memory in use after: 84.4 MB.

Unloading 11 unused Assets to reduce memory usage. Loaded Objects now: 1893.
Total: 2.221300 ms (FindLiveObjects: 0.115400 ms CreateObjectMapping: 0.038800 ms MarkObjects: 2.050100 ms  DeleteObjects: 0.016400 ms)

AssetImportParameters requested are different than current active one (requested -> active):
  custom:framework-win-MediaFoundation: 216162199b28c13a410421893ffa2e32 -> 
  custom:video-decoder-ogg-theora: a1e56fd34408186e4bbccfd4996cb3dc -> 
  custom:container-muxer-webm: aa71ff27fc2769a1b78a27578f13a17b -> 
  custom:container-demuxer-webm: 4f35f7cbe854078d1ac9338744f61a02 -> 
  custom:container-demuxer-ogg: 62fdf1f143b41e24485cea50d1cbac27 -> 
  custom:video-encoder-webm-vp8: eb34c28f22e8b96e1ab97ce403110664 -> 
  custom:video-codec-MediaFoundation-h265: 746d11721c4dcdbdad8f713fa42b33f4 -> 
  custom:video-decoder-webm-vp8: 9c59270c3fd7afecdb556c50c9e8de78 -> 
  custom:graphics/normal-map-encoding: 01000000000000000000000000000000 -> 02000000000000000000000000000000
  custom:audio-decoder-ogg-vorbis: bf7c407c2cedff20999df2af8eb42d56 -> 
  custom:audio-encoder-webm-vorbis: bf7c407c2cedff20999df2af8eb42d56 -> 
========================================================================
Received Prepare
Registering precompiled user dll's ...
Registered in 0.003082 seconds.
Begin MonoManager ReloadAssembly
Native extension for WindowsStandalone target not found
Native extension for OSXStandalone target not found
Native extension for WebGL target not found
Refreshing native plugins compatible for Editor in 0.68 ms, found 2 plugins.
Preloading 0 native plugins for Editor in 0.00 ms.
Mono: successfully reloaded assembly
- Completed reload, in  1.906 seconds
Domain Reload Profiling:
	ReloadAssembly (1907ms)
		BeginReloadAssembly (149ms)
			ExecutionOrderSort (0ms)
			DisableScriptedObjects (11ms)
			BackupInstance (0ms)
			ReleaseScriptingObjects (0ms)
			CreateAndSetChildDomain (37ms)
		EndReloadAssembly (1680ms)
			LoadAssemblies (133ms)
			RebuildTransferFunctionScriptingTraits (0ms)
			SetupTypeCache (488ms)
			ReleaseScriptCaches (1ms)
			RebuildScriptCaches (84ms)
			SetupLoadedEditorAssemblies (539ms)
				LogAssemblyErrors (0ms)
				InitializePlatformSupportModulesInManaged (11ms)
				SetLoadedEditorAssemblies (1ms)
				RefreshPlugins (1ms)
				BeforeProcessingInitializeOnLoad (86ms)
				ProcessInitializeOnLoadAttributes (428ms)
				ProcessInitializeOnLoadMethodAttributes (6ms)
				AfterProcessingInitializeOnLoad (6ms)
				EditorAssembliesLoaded (0ms)
			ExecutionOrderSort2 (0ms)
			AwakeInstancesAfterBackupRestoration (7ms)
Platform modules already initialized, skipping
Switching build target platform(19) subTarget(0) extendedPlatform(0) -> platform(13) subTarget(589824) extendedPlatform(0)
Refreshing native plugins compatible for Editor in 0.31 ms, found 2 plugins.
Preloading 0 native plugins for Editor in 0.00 ms.
Unloading 1404 Unused Serialized files (Serialized files now loaded: 0)
System memory in use before: 84.3 MB.
System memory in use after: 84.4 MB.

Unloading 11 unused Assets to reduce memory usage. Loaded Objects now: 1895.
Total: 3.618900 ms (FindLiveObjects: 0.125800 ms CreateObjectMapping: 0.038200 ms MarkObjects: 3.391100 ms  DeleteObjects: 0.062700 ms)

AssetImportParameters requested are different than current active one (requested -> active):
  custom:framework-win-MediaFoundation: 216162199b28c13a410421893ffa2e32 -> 
  custom:video-decoder-ogg-theora: a1e56fd34408186e4bbccfd4996cb3dc -> 
  custom:container-muxer-webm: aa71ff27fc2769a1b78a27578f13a17b -> 
  custom:container-demuxer-webm: 4f35f7cbe854078d1ac9338744f61a02 -> 
  custom:container-demuxer-ogg: 62fdf1f143b41e24485cea50d1cbac27 -> 
  custom:video-encoder-webm-vp8: eb34c28f22e8b96e1ab97ce403110664 -> 
  custom:video-codec-MediaFoundation-h265: 746d11721c4dcdbdad8f713fa42b33f4 -> 
  custom:video-decoder-webm-vp8: 9c59270c3fd7afecdb556c50c9e8de78 -> 
  custom:graphics/normal-map-encoding: 01000000000000000000000000000000 -> 02000000000000000000000000000000
  custom:audio-decoder-ogg-vorbis: bf7c407c2cedff20999df2af8eb42d56 -> 
  custom:audio-encoder-webm-vorbis: bf7c407c2cedff20999df2af8eb42d56 -> 
========================================================================
Received Prepare
Registering precompiled user dll's ...
Registered in 0.004181 seconds.
Begin MonoManager ReloadAssembly
Native extension for WindowsStandalone target not found
Native extension for OSXStandalone target not found
Native extension for WebGL target not found
Refreshing native plugins compatible for Editor in 0.62 ms, found 2 plugins.
Preloading 0 native plugins for Editor in 0.00 ms.
Mono: successfully reloaded assembly
- Completed reload, in  1.873 seconds
Domain Reload Profiling:
	ReloadAssembly (1874ms)
		BeginReloadAssembly (135ms)
			ExecutionOrderSort (0ms)
			DisableScriptedObjects (5ms)
			BackupInstance (0ms)
			ReleaseScriptingObjects (0ms)
			CreateAndSetChildDomain (48ms)
		EndReloadAssembly (1608ms)
			LoadAssemblies (112ms)
			RebuildTransferFunctionScriptingTraits (0ms)
			SetupTypeCache (531ms)
			ReleaseScriptCaches (1ms)
			RebuildScriptCaches (79ms)
			SetupLoadedEditorAssemblies (561ms)
				LogAssemblyErrors (0ms)
				InitializePlatformSupportModulesInManaged (16ms)
				SetLoadedEditorAssemblies (1ms)
				RefreshPlugins (1ms)
				BeforeProcessingInitializeOnLoad (117ms)
				ProcessInitializeOnLoadAttributes (395ms)
				ProcessInitializeOnLoadMethodAttributes (8ms)
				AfterProcessingInitializeOnLoad (23ms)
				EditorAssembliesLoaded (1ms)
			ExecutionOrderSort2 (0ms)
			AwakeInstancesAfterBackupRestoration (15ms)
Platform modules already initialized, skipping
Switching build target platform(19) subTarget(0) extendedPlatform(0) -> platform(13) subTarget(589824) extendedPlatform(0)
Refreshing native plugins compatible for Editor in 0.32 ms, found 2 plugins.
Preloading 0 native plugins for Editor in 0.00 ms.
Unloading 1404 Unused Serialized files (Serialized files now loaded: 0)
System memory in use before: 84.3 MB.
System memory in use after: 84.4 MB.

Unloading 11 unused Assets to reduce memory usage. Loaded Objects now: 1897.
Total: 5.960600 ms (FindLiveObjects: 0.232800 ms CreateObjectMapping: 0.093000 ms MarkObjects: 5.595600 ms  DeleteObjects: 0.036900 ms)

AssetImportParameters requested are different than current active one (requested -> active):
  custom:framework-win-MediaFoundation: 216162199b28c13a410421893ffa2e32 -> 
  custom:video-decoder-ogg-theora: a1e56fd34408186e4bbccfd4996cb3dc -> 
  custom:container-muxer-webm: aa71ff27fc2769a1b78a27578f13a17b -> 
  custom:container-demuxer-webm: 4f35f7cbe854078d1ac9338744f61a02 -> 
  custom:container-demuxer-ogg: 62fdf1f143b41e24485cea50d1cbac27 -> 
  custom:video-encoder-webm-vp8: eb34c28f22e8b96e1ab97ce403110664 -> 
  custom:video-codec-MediaFoundation-h265: 746d11721c4dcdbdad8f713fa42b33f4 -> 
  custom:video-decoder-webm-vp8: 9c59270c3fd7afecdb556c50c9e8de78 -> 
  custom:graphics/normal-map-encoding: 01000000000000000000000000000000 -> 02000000000000000000000000000000
  custom:audio-decoder-ogg-vorbis: bf7c407c2cedff20999df2af8eb42d56 -> 
  custom:audio-encoder-webm-vorbis: bf7c407c2cedff20999df2af8eb42d56 -> 
========================================================================
Received Import Request.
  Time since last request: 2656.007266 seconds.
  path: Assets/Sounds/Explode.mp3
  artifactKey: Guid(3aa34e9925092254ea57e0ab3e418774) Importer(815301076,1909f56bfc062723c751e8b465ee728b)
Start importing Assets/Sounds/Explode.mp3 using Guid(3aa34e9925092254ea57e0ab3e418774) Importer(815301076,1909f56bfc062723c751e8b465ee728b)  -> (artifact id: '82a1da56c1eebb310775f7c953d78ec3') in 0.138499 seconds 
  Import took 0.146242 seconds .

========================================================================
Received Import Request.
  Time since last request: 41.363264 seconds.
  path: Assets/Sounds/Explode.mp3
  artifactKey: Guid(3aa34e9925092254ea57e0ab3e418774) Importer(815301076,1909f56bfc062723c751e8b465ee728b)
Start importing Assets/Sounds/Explode.mp3 using Guid(3aa34e9925092254ea57e0ab3e418774) Importer(815301076,1909f56bfc062723c751e8b465ee728b)  -> (artifact id: '26ad09708b31bed5368cd54b48fbf4e5') in 0.014242 seconds 
  Import took 0.017836 seconds .

========================================================================
Received Import Request.
  Time since last request: 50.075086 seconds.
  path: Assets/Sounds/Byoing.mp3
  artifactKey: Guid(32f84d29900527e4685df5ceddb8fa0e) Importer(815301076,1909f56bfc062723c751e8b465ee728b)
Start importing Assets/Sounds/Byoing.mp3 using Guid(32f84d29900527e4685df5ceddb8fa0e) Importer(815301076,1909f56bfc062723c751e8b465ee728b)  -> (artifact id: '39f653ae034a5f751d33a8d057663cda') in 0.020746 seconds 
  Import took 0.024689 seconds .

========================================================================
Received Import Request.
  Time since last request: 10.065810 seconds.
  path: Assets/Sounds/Alert.mp3
  artifactKey: Guid(60c96565c9aa4cd4a9732be359a02eae) Importer(815301076,1909f56bfc062723c751e8b465ee728b)
Start importing Assets/Sounds/Alert.mp3 using Guid(60c96565c9aa4cd4a9732be359a02eae) Importer(815301076,1909f56bfc062723c751e8b465ee728b)  -> (artifact id: '2c1d74cbcf92ba6d1a8cc1e91a058823') in 0.016488 seconds 
  Import took 0.018919 seconds .

========================================================================
Received Import Request.
  Time since last request: 8.131194 seconds.
  path: Assets/Sounds/Explode.mp3
  artifactKey: Guid(3aa34e9925092254ea57e0ab3e418774) Importer(815301076,1909f56bfc062723c751e8b465ee728b)
Start importing Assets/Sounds/Explode.mp3 using Guid(3aa34e9925092254ea57e0ab3e418774) Importer(815301076,1909f56bfc062723c751e8b465ee728b)  -> (artifact id: '934526e975e22392570630e9c0db9cfc') in 0.019852 seconds 
  Import took 0.023537 seconds .

========================================================================
Received Import Request.
  Time since last request: 3.865588 seconds.
  path: Assets/Sounds/Explode.mp3
  artifactKey: Guid(3aa34e9925092254ea57e0ab3e418774) Importer(815301076,1909f56bfc062723c751e8b465ee728b)
Start importing Assets/Sounds/Explode.mp3 using Guid(3aa34e9925092254ea57e0ab3e418774) Importer(815301076,1909f56bfc062723c751e8b465ee728b)  -> (artifact id: '888f7765c82aa27bc9638eddbd5b6791') in 0.012974 seconds 
  Import took 0.015842 seconds .

========================================================================
Received Import Request.
  Time since last request: 4.446474 seconds.
  path: Assets/Sounds/Explode.mp3
  artifactKey: Guid(3aa34e9925092254ea57e0ab3e418774) Importer(815301076,1909f56bfc062723c751e8b465ee728b)
Start importing Assets/Sounds/Explode.mp3 using Guid(3aa34e9925092254ea57e0ab3e418774) Importer(815301076,1909f56bfc062723c751e8b465ee728b)  -> (artifact id: '26f11dba8c70ef03c253dec1368d840f') in 0.023321 seconds 
  Import took 0.026881 seconds .

========================================================================
Received Import Request.
  Time since last request: 2.671617 seconds.
  path: Assets/Sounds/Explode.mp3
  artifactKey: Guid(3aa34e9925092254ea57e0ab3e418774) Importer(815301076,1909f56bfc062723c751e8b465ee728b)
Start importing Assets/Sounds/Explode.mp3 using Guid(3aa34e9925092254ea57e0ab3e418774) Importer(815301076,1909f56bfc062723c751e8b465ee728b)  -> (artifact id: '070fbbd9aba6cd71f8caa43b7b766b11') in 0.012609 seconds 
  Import took 0.017647 seconds .

========================================================================
Received Import Request.
  Time since last request: 9.791559 seconds.
  path: Assets/Sounds/ka-ching.mp3
  artifactKey: Guid(cc0be137304ecad4cad846d64a44dccc) Importer(815301076,1909f56bfc062723c751e8b465ee728b)
Start importing Assets/Sounds/ka-ching.mp3 using Guid(cc0be137304ecad4cad846d64a44dccc) Importer(815301076,1909f56bfc062723c751e8b465ee728b)  -> (artifact id: '74af723da9c8557d30cbb1699dc323f9') in 0.019527 seconds 
  Import took 0.022802 seconds .

========================================================================
Received Import Request.
  Time since last request: 3.213355 seconds.
  path: Assets/Sounds/ka-ching.mp3
  artifactKey: Guid(cc0be137304ecad4cad846d64a44dccc) Importer(815301076,1909f56bfc062723c751e8b465ee728b)
Start importing Assets/Sounds/ka-ching.mp3 using Guid(cc0be137304ecad4cad846d64a44dccc) Importer(815301076,1909f56bfc062723c751e8b465ee728b)  -> (artifact id: '0b9a23f9105aaeab409d3391a8d11b83') in 0.024579 seconds 
  Import took 0.028859 seconds .

========================================================================
Received Import Request.
  Time since last request: 2.828373 seconds.
  path: Assets/Sounds/ka-ching.mp3
  artifactKey: Guid(cc0be137304ecad4cad846d64a44dccc) Importer(815301076,1909f56bfc062723c751e8b465ee728b)
Start importing Assets/Sounds/ka-ching.mp3 using Guid(cc0be137304ecad4cad846d64a44dccc) Importer(815301076,1909f56bfc062723c751e8b465ee728b)  -> (artifact id: 'db3b4047a83ab371b44c0a4d18ab34a2') in 0.012515 seconds 
  Import took 0.016044 seconds .

========================================================================
Received Import Request.
  Time since last request: 4.149868 seconds.
  path: Assets/Sounds/ka-ching.mp3
  artifactKey: Guid(cc0be137304ecad4cad846d64a44dccc) Importer(815301076,1909f56bfc062723c751e8b465ee728b)
Start importing Assets/Sounds/ka-ching.mp3 using Guid(cc0be137304ecad4cad846d64a44dccc) Importer(815301076,1909f56bfc062723c751e8b465ee728b)  -> (artifact id: 'cc044875d35e8a3e965fc547923b30f3') in 0.016129 seconds 
  Import took 0.020029 seconds .

========================================================================
Received Import Request.
  Time since last request: 8.033053 seconds.
  path: Assets/Sounds/No.mp3
  artifactKey: Guid(822e7695696ffc943a06659a3dce677d) Importer(815301076,1909f56bfc062723c751e8b465ee728b)
Start importing Assets/Sounds/No.mp3 using Guid(822e7695696ffc943a06659a3dce677d) Importer(815301076,1909f56bfc062723c751e8b465ee728b)  -> (artifact id: 'ca0f8cdbacff8e292afce72fae5d373b') in 0.022339 seconds 
  Import took 0.027134 seconds .

========================================================================
Received Import Request.
  Time since last request: 6.459845 seconds.
  path: Assets/Sounds/No.mp3
  artifactKey: Guid(822e7695696ffc943a06659a3dce677d) Importer(815301076,1909f56bfc062723c751e8b465ee728b)
Start importing Assets/Sounds/No.mp3 using Guid(822e7695696ffc943a06659a3dce677d) Importer(815301076,1909f56bfc062723c751e8b465ee728b)  -> (artifact id: 'ec5a41aa00a7d049ffc7c71fa8190786') in 0.018126 seconds 
  Import took 0.022848 seconds .

========================================================================
Received Import Request.
  Time since last request: 3.776977 seconds.
  path: Assets/Sounds/No.mp3
  artifactKey: Guid(822e7695696ffc943a06659a3dce677d) Importer(815301076,1909f56bfc062723c751e8b465ee728b)
Start importing Assets/Sounds/No.mp3 using Guid(822e7695696ffc943a06659a3dce677d) Importer(815301076,1909f56bfc062723c751e8b465ee728b)  -> (artifact id: '6ac3648cbf226c973e6b96218e3131ac') in 0.016958 seconds 
  Import took 0.020779 seconds .

========================================================================
Received Import Request.
  Time since last request: 3.213454 seconds.
  path: Assets/Sounds/No.mp3
  artifactKey: Guid(822e7695696ffc943a06659a3dce677d) Importer(815301076,1909f56bfc062723c751e8b465ee728b)
Start importing Assets/Sounds/No.mp3 using Guid(822e7695696ffc943a06659a3dce677d) Importer(815301076,1909f56bfc062723c751e8b465ee728b)  -> (artifact id: '16ac1a32b5a1dd3efdb2083441ccaa3d') in 0.011965 seconds 
  Import took 0.016179 seconds .

========================================================================
Received Import Request.
  Time since last request: 0.009423 seconds.
  path: Assets/Sounds/No.mp3
  artifactKey: Guid(822e7695696ffc943a06659a3dce677d) Importer(815301076,1909f56bfc062723c751e8b465ee728b)
Start importing Assets/Sounds/No.mp3 using Guid(822e7695696ffc943a06659a3dce677d) Importer(815301076,1909f56bfc062723c751e8b465ee728b)  -> (artifact id: '16ac1a32b5a1dd3efdb2083441ccaa3d') in 0.012466 seconds 
  Import took 0.015869 seconds .

========================================================================
Received Import Request.
  Time since last request: 2.360793 seconds.
  path: Assets/Sounds/No.mp3
  artifactKey: Guid(822e7695696ffc943a06659a3dce677d) Importer(815301076,1909f56bfc062723c751e8b465ee728b)
Start importing Assets/Sounds/No.mp3 using Guid(822e7695696ffc943a06659a3dce677d) Importer(815301076,1909f56bfc062723c751e8b465ee728b)  -> (artifact id: 'ff0e0d8c20f70e86c0be0fda53d3bd13') in 0.018874 seconds 
  Import took 0.022809 seconds .

========================================================================
Received Import Request.
  Time since last request: 11.274899 seconds.
  path: Assets/Sounds/Pooz.mp3
  artifactKey: Guid(c2848b9c6575c5642b4f65ec188cdf3a) Importer(815301076,1909f56bfc062723c751e8b465ee728b)
Start importing Assets/Sounds/Pooz.mp3 using Guid(c2848b9c6575c5642b4f65ec188cdf3a) Importer(815301076,1909f56bfc062723c751e8b465ee728b)  -> (artifact id: '42424e52f15dc8ee15ae1208bebcc9b3') in 0.025222 seconds 
  Import took 0.031082 seconds .

========================================================================
Received Import Request.
  Time since last request: 3.350925 seconds.
  path: Assets/Sounds/Pooz.mp3
  artifactKey: Guid(c2848b9c6575c5642b4f65ec188cdf3a) Importer(815301076,1909f56bfc062723c751e8b465ee728b)
Start importing Assets/Sounds/Pooz.mp3 using Guid(c2848b9c6575c5642b4f65ec188cdf3a) Importer(815301076,1909f56bfc062723c751e8b465ee728b)  -> (artifact id: '2b0c2e81b673dffe318cf3012c02f0fb') in 0.023595 seconds 
  Import took 0.028383 seconds .

========================================================================
Received Import Request.
  Time since last request: 2.457457 seconds.
  path: Assets/Sounds/Pooz.mp3
  artifactKey: Guid(c2848b9c6575c5642b4f65ec188cdf3a) Importer(815301076,1909f56bfc062723c751e8b465ee728b)
Start importing Assets/Sounds/Pooz.mp3 using Guid(c2848b9c6575c5642b4f65ec188cdf3a) Importer(815301076,1909f56bfc062723c751e8b465ee728b)  -> (artifact id: 'ae4dbb5a2fabc71a14a8651d5f52fb57') in 0.010355 seconds 
  Import took 0.013134 seconds .

========================================================================
Received Import Request.
  Time since last request: 18.929589 seconds.
  path: Assets/Sounds/Zoop.mp3
  artifactKey: Guid(fdca2e3d66bfff940a7dbf02affe589b) Importer(815301076,1909f56bfc062723c751e8b465ee728b)
Start importing Assets/Sounds/Zoop.mp3 using Guid(fdca2e3d66bfff940a7dbf02affe589b) Importer(815301076,1909f56bfc062723c751e8b465ee728b)  -> (artifact id: '5d8a68febaf5eccb16cf5ddf971613b8') in 0.025528 seconds 
  Import took 0.030601 seconds .

========================================================================
Received Import Request.
  Time since last request: 12.983864 seconds.
  path: Assets/Sounds/Twang.mp3
  artifactKey: Guid(530db6becc77d444f954d39f1f25ae6f) Importer(815301076,1909f56bfc062723c751e8b465ee728b)
Start importing Assets/Sounds/Twang.mp3 using Guid(530db6becc77d444f954d39f1f25ae6f) Importer(815301076,1909f56bfc062723c751e8b465ee728b)  -> (artifact id: '848e0877788c2fc20bf3728ce8c61a01') in 0.026914 seconds 
  Import took 0.030955 seconds .

========================================================================
Received Import Request.
  Time since last request: 0.006531 seconds.
  path: Assets/Sounds/Twang.mp3
  artifactKey: Guid(530db6becc77d444f954d39f1f25ae6f) Importer(815301076,1909f56bfc062723c751e8b465ee728b)
Start importing Assets/Sounds/Twang.mp3 using Guid(530db6becc77d444f954d39f1f25ae6f) Importer(815301076,1909f56bfc062723c751e8b465ee728b)  -> (artifact id: '848e0877788c2fc20bf3728ce8c61a01') in 0.017176 seconds 
  Import took 0.021902 seconds .

========================================================================
Received Import Request.
  Time since last request: 2.469267 seconds.
  path: Assets/Sounds/Pooz.mp3
  artifactKey: Guid(c2848b9c6575c5642b4f65ec188cdf3a) Importer(815301076,1909f56bfc062723c751e8b465ee728b)
Start importing Assets/Sounds/Pooz.mp3 using Guid(c2848b9c6575c5642b4f65ec188cdf3a) Importer(815301076,1909f56bfc062723c751e8b465ee728b)  -> (artifact id: '61f648bff7481a7b5afa77ebdc1e63e5') in 0.012375 seconds 
  Import took 0.018152 seconds .

========================================================================
Received Import Request.
  Time since last request: 2.412073 seconds.
  path: Assets/Sounds/No.mp3
  artifactKey: Guid(822e7695696ffc943a06659a3dce677d) Importer(815301076,1909f56bfc062723c751e8b465ee728b)
Start importing Assets/Sounds/No.mp3 using Guid(822e7695696ffc943a06659a3dce677d) Importer(815301076,1909f56bfc062723c751e8b465ee728b)  -> (artifact id: 'd9fe0fd3a7959e3a37e514a26e28a396') in 0.017208 seconds 
  Import took 0.020124 seconds .

========================================================================
Received Import Request.
  Time since last request: 0.002825 seconds.
  path: Assets/Sounds/No.mp3
  artifactKey: Guid(822e7695696ffc943a06659a3dce677d) Importer(815301076,1909f56bfc062723c751e8b465ee728b)
Start importing Assets/Sounds/No.mp3 using Guid(822e7695696ffc943a06659a3dce677d) Importer(815301076,1909f56bfc062723c751e8b465ee728b)  -> (artifact id: 'd9fe0fd3a7959e3a37e514a26e28a396') in 0.011722 seconds 
  Import took 0.015719 seconds .

========================================================================
Received Import Request.
  Time since last request: 2.948987 seconds.
  path: Assets/Sounds/ka-ching.mp3
  artifactKey: Guid(cc0be137304ecad4cad846d64a44dccc) Importer(815301076,1909f56bfc062723c751e8b465ee728b)
Start importing Assets/Sounds/ka-ching.mp3 using Guid(cc0be137304ecad4cad846d64a44dccc) Importer(815301076,1909f56bfc062723c751e8b465ee728b)  -> (artifact id: '9b8efd2867ee68a70116f92c03ba53c7') in 0.010537 seconds 
  Import took 0.013595 seconds .

========================================================================
Received Import Request.
  Time since last request: 2.962950 seconds.
  path: Assets/Sounds/Alert.mp3
  artifactKey: Guid(60c96565c9aa4cd4a9732be359a02eae) Importer(815301076,1909f56bfc062723c751e8b465ee728b)
Start importing Assets/Sounds/Alert.mp3 using Guid(60c96565c9aa4cd4a9732be359a02eae) Importer(815301076,1909f56bfc062723c751e8b465ee728b)  -> (artifact id: 'fd837430d66aa8ce202ac4800c4ebcf0') in 0.016833 seconds 
  Import took 0.019778 seconds .

========================================================================
Received Import Request.
  Time since last request: 0.003858 seconds.
  path: Assets/Sounds/Alert.mp3
  artifactKey: Guid(60c96565c9aa4cd4a9732be359a02eae) Importer(815301076,1909f56bfc062723c751e8b465ee728b)
Start importing Assets/Sounds/Alert.mp3 using Guid(60c96565c9aa4cd4a9732be359a02eae) Importer(815301076,1909f56bfc062723c751e8b465ee728b)  -> (artifact id: 'fd837430d66aa8ce202ac4800c4ebcf0') in 0.011599 seconds 
  Import took 0.015527 seconds .

========================================================================
Received Import Request.
  Time since last request: 6.033791 seconds.
  path: Assets/Sounds/Explode.mp3
  artifactKey: Guid(3aa34e9925092254ea57e0ab3e418774) Importer(815301076,1909f56bfc062723c751e8b465ee728b)
Start importing Assets/Sounds/Explode.mp3 using Guid(3aa34e9925092254ea57e0ab3e418774) Importer(815301076,1909f56bfc062723c751e8b465ee728b)  -> (artifact id: 'adb017b6663efdf32947f5da50614f94') in 0.010190 seconds 
  Import took 0.012644 seconds .

========================================================================
Received Import Request.
  Time since last request: 13.143235 seconds.
  path: Assets/Prefabs/Bomb.prefab
  artifactKey: Guid(be1a7a780696dda40965cf91f934c9d6) Importer(815301076,1909f56bfc062723c751e8b465ee728b)
Start importing Assets/Prefabs/Bomb.prefab using Guid(be1a7a780696dda40965cf91f934c9d6) Importer(815301076,1909f56bfc062723c751e8b465ee728b)  -> (artifact id: '55fa1b52c9d1df1670f5b929ee3c45b5') in 0.093450 seconds 
  Import took 0.099554 seconds .

========================================================================
Received Prepare
Registering precompiled user dll's ...
Registered in 0.002858 seconds.
Begin MonoManager ReloadAssembly
Native extension for WindowsStandalone target not found
Native extension for OSXStandalone target not found
Native extension for WebGL target not found
Refreshing native plugins compatible for Editor in 0.30 ms, found 2 plugins.
Preloading 0 native plugins for Editor in 0.00 ms.
Mono: successfully reloaded assembly
- Completed reload, in  1.916 seconds
Domain Reload Profiling:
	ReloadAssembly (1917ms)
		BeginReloadAssembly (215ms)
			ExecutionOrderSort (0ms)
			DisableScriptedObjects (10ms)
			BackupInstance (0ms)
			ReleaseScriptingObjects (0ms)
			CreateAndSetChildDomain (44ms)
		EndReloadAssembly (1557ms)
			LoadAssemblies (198ms)
			RebuildTransferFunctionScriptingTraits (0ms)
			SetupTypeCache (495ms)
			ReleaseScriptCaches (2ms)
			RebuildScriptCaches (61ms)
			SetupLoadedEditorAssemblies (557ms)
				LogAssemblyErrors (0ms)
				InitializePlatformSupportModulesInManaged (15ms)
				SetLoadedEditorAssemblies (0ms)
				RefreshPlugins (0ms)
				BeforeProcessingInitializeOnLoad (115ms)
				ProcessInitializeOnLoadAttributes (405ms)
				ProcessInitializeOnLoadMethodAttributes (8ms)
				AfterProcessingInitializeOnLoad (13ms)
				EditorAssembliesLoaded (1ms)
			ExecutionOrderSort2 (0ms)
			AwakeInstancesAfterBackupRestoration (14ms)
Platform modules already initialized, skipping
Switching build target platform(19) subTarget(0) extendedPlatform(0) -> platform(13) subTarget(589824) extendedPlatform(0)
Refreshing native plugins compatible for Editor in 0.42 ms, found 2 plugins.
Preloading 0 native plugins for Editor in 0.00 ms.
Unloading 1404 Unused Serialized files (Serialized files now loaded: 0)
System memory in use before: 84.4 MB.
System memory in use after: 84.5 MB.

Unloading 13 unused Assets to reduce memory usage. Loaded Objects now: 1902.
Total: 5.897600 ms (FindLiveObjects: 0.245300 ms CreateObjectMapping: 0.094000 ms MarkObjects: 5.407300 ms  DeleteObjects: 0.149000 ms)

AssetImportParameters requested are different than current active one (requested -> active):
  custom:framework-win-MediaFoundation: 216162199b28c13a410421893ffa2e32 -> 
  custom:video-decoder-ogg-theora: a1e56fd34408186e4bbccfd4996cb3dc -> 
  custom:container-muxer-webm: aa71ff27fc2769a1b78a27578f13a17b -> 
  custom:container-demuxer-webm: 4f35f7cbe854078d1ac9338744f61a02 -> 
  custom:container-demuxer-ogg: 62fdf1f143b41e24485cea50d1cbac27 -> 
  custom:video-encoder-webm-vp8: eb34c28f22e8b96e1ab97ce403110664 -> 
  custom:video-codec-MediaFoundation-h265: 746d11721c4dcdbdad8f713fa42b33f4 -> 
  custom:video-decoder-webm-vp8: 9c59270c3fd7afecdb556c50c9e8de78 -> 
  custom:graphics/normal-map-encoding: 01000000000000000000000000000000 -> 02000000000000000000000000000000
  custom:audio-decoder-ogg-vorbis: bf7c407c2cedff20999df2af8eb42d56 -> 
  custom:audio-encoder-webm-vorbis: bf7c407c2cedff20999df2af8eb42d56 -> 
AssetImportWorkerClient::OnTransportError - code=2 error=End of file
