Using pre-set license
Built from '2020.3/staging' branch; Version is '2020.3.18f1 (a7d1c678663c) revision 10998214'; Using compiler version '192528614'; Build Type 'Release'
OS: 'Windows 10 Home; OS build 19044.2251; Version 2009; 64bit' Language: 'en' Physical Memory: 16138 MB
BatchMode: 1, IsHumanControllingUs: 0, StartBugReporterOnCrash: 0, Is64bit: 1, IsPro: 0

COMMAND LINE ARGUMENTS:
C:\Program Files\Unity\Hub\Editor\2020.3.18f1\Editor\Unity.exe
-adb2
-batchMode
-noUpm
-name
AssetImportWorker0
-projectPath
C:/Users/Jimmy/Downloads/Gamers Unite/_School/Mobile F2022/Hypercasual/Fruit Defender
-logFile
Logs/AssetImportWorker0.log
-srvPort
56107
Successfully changed project path to: C:/Users/Jimmy/Downloads/Gamers Unite/_School/Mobile F2022/Hypercasual/Fruit Defender
C:/Users/Jimmy/Downloads/Gamers Unite/_School/Mobile F2022/Hypercasual/Fruit Defender
Using Asset Import Pipeline V2.
Refreshing native plugins compatible for Editor in 52.76 ms, found 2 plugins.
Preloading 0 native plugins for Editor in 0.00 ms.
Initialize engine version: 2020.3.18f1 (a7d1c678663c)
[Subsystems] Discovering subsystems at path C:/Program Files/Unity/Hub/Editor/2020.3.18f1/Editor/Data/Resources/UnitySubsystems
[Subsystems] Discovering subsystems at path C:/Users/Jimmy/Downloads/Gamers Unite/_School/Mobile F2022/Hypercasual/Fruit Defender/Assets
GfxDevice: creating device client; threaded=0
Direct3D:
    Version:  Direct3D 11.0 [level 11.1]
    Renderer: Intel(R) Iris(R) Plus Graphics (ID=0x8a52)
    Vendor:   
    VRAM:     8069 MB
    Driver:   27.20.100.9664
Initialize mono
Mono path[0] = 'C:/Program Files/Unity/Hub/Editor/2020.3.18f1/Editor/Data/Managed'
Mono path[1] = 'C:/Program Files/Unity/Hub/Editor/2020.3.18f1/Editor/Data/MonoBleedingEdge/lib/mono/unityjit'
Mono config path = 'C:/Program Files/Unity/Hub/Editor/2020.3.18f1/Editor/Data/MonoBleedingEdge/etc'
Using monoOptions --debugger-agent=transport=dt_socket,embedding=1,server=y,suspend=n,address=127.0.0.1:56716
Begin MonoManager ReloadAssembly
Registering precompiled unity dll's ...
Register platform support module: C:/Program Files/Unity/Hub/Editor/2020.3.18f1/Editor/Data/PlaybackEngines/WebGLSupport/UnityEditor.WebGL.Extensions.dll
Register platform support module: C:/Program Files/Unity/Hub/Editor/2020.3.18f1/Editor/Data/PlaybackEngines/MacStandaloneSupport/UnityEditor.OSXStandalone.Extensions.dll
Register platform support module: C:/Program Files/Unity/Hub/Editor/2020.3.18f1/Editor/Data/PlaybackEngines/WindowsStandaloneSupport/UnityEditor.WindowsStandalone.Extensions.dll
Registered in 0.003471 seconds.
Native extension for WindowsStandalone target not found
Native extension for OSXStandalone target not found
Native extension for WebGL target not found
Refreshing native plugins compatible for Editor in 50.75 ms, found 2 plugins.
Preloading 0 native plugins for Editor in 0.00 ms.
Mono: successfully reloaded assembly
- Completed reload, in  3.232 seconds
Domain Reload Profiling:
	ReloadAssembly (3232ms)
		BeginReloadAssembly (75ms)
			ExecutionOrderSort (0ms)
			DisableScriptedObjects (0ms)
			BackupInstance (0ms)
			ReleaseScriptingObjects (0ms)
			CreateAndSetChildDomain (1ms)
		EndReloadAssembly (749ms)
			LoadAssemblies (73ms)
			RebuildTransferFunctionScriptingTraits (0ms)
			SetupTypeCache (259ms)
			ReleaseScriptCaches (0ms)
			RebuildScriptCaches (75ms)
			SetupLoadedEditorAssemblies (266ms)
				LogAssemblyErrors (0ms)
				InitializePlatformSupportModulesInManaged (8ms)
				SetLoadedEditorAssemblies (0ms)
				RefreshPlugins (51ms)
				BeforeProcessingInitializeOnLoad (14ms)
				ProcessInitializeOnLoadAttributes (152ms)
				ProcessInitializeOnLoadMethodAttributes (41ms)
				AfterProcessingInitializeOnLoad (0ms)
				EditorAssembliesLoaded (0ms)
			ExecutionOrderSort2 (0ms)
			AwakeInstancesAfterBackupRestoration (0ms)
Platform modules already initialized, skipping
Registering precompiled user dll's ...
Registered in 0.002704 seconds.
Begin MonoManager ReloadAssembly
Native extension for WindowsStandalone target not found
Native extension for OSXStandalone target not found
Native extension for WebGL target not found
Refreshing native plugins compatible for Editor in 0.62 ms, found 2 plugins.
Preloading 0 native plugins for Editor in 0.00 ms.
Mono: successfully reloaded assembly
- Completed reload, in  1.504 seconds
Domain Reload Profiling:
	ReloadAssembly (1506ms)
		BeginReloadAssembly (161ms)
			ExecutionOrderSort (0ms)
			DisableScriptedObjects (7ms)
			BackupInstance (0ms)
			ReleaseScriptingObjects (0ms)
			CreateAndSetChildDomain (19ms)
		EndReloadAssembly (1276ms)
			LoadAssemblies (84ms)
			RebuildTransferFunctionScriptingTraits (0ms)
			SetupTypeCache (378ms)
			ReleaseScriptCaches (0ms)
			RebuildScriptCaches (56ms)
			SetupLoadedEditorAssemblies (564ms)
				LogAssemblyErrors (0ms)
				InitializePlatformSupportModulesInManaged (15ms)
				SetLoadedEditorAssemblies (1ms)
				RefreshPlugins (1ms)
				BeforeProcessingInitializeOnLoad (152ms)
				ProcessInitializeOnLoadAttributes (383ms)
				ProcessInitializeOnLoadMethodAttributes (6ms)
				AfterProcessingInitializeOnLoad (5ms)
				EditorAssembliesLoaded (0ms)
			ExecutionOrderSort2 (0ms)
			AwakeInstancesAfterBackupRestoration (5ms)
Platform modules already initialized, skipping
========================================================================
Worker process is ready to serve import requests
Launched and connected shader compiler UnityShaderCompiler.exe after 0.05 seconds
Refreshing native plugins compatible for Editor in 0.30 ms, found 2 plugins.
Preloading 0 native plugins for Editor in 0.00 ms.
Unloading 1421 Unused Serialized files (Serialized files now loaded: 0)
System memory in use before: 69.1 MB.
System memory in use after: 69.2 MB.

Unloading 16 unused Assets to reduce memory usage. Loaded Objects now: 1863.
Total: 2.600000 ms (FindLiveObjects: 0.139200 ms CreateObjectMapping: 0.064700 ms MarkObjects: 2.294000 ms  DeleteObjects: 0.101300 ms)

AssetImportParameters requested are different than current active one (requested -> active):
  custom:framework-win-MediaFoundation: 216162199b28c13a410421893ffa2e32 -> 
  custom:video-decoder-ogg-theora: a1e56fd34408186e4bbccfd4996cb3dc -> 
  custom:container-muxer-webm: aa71ff27fc2769a1b78a27578f13a17b -> 
  custom:container-demuxer-webm: 4f35f7cbe854078d1ac9338744f61a02 -> 
  custom:container-demuxer-ogg: 62fdf1f143b41e24485cea50d1cbac27 -> 
  custom:video-encoder-webm-vp8: eb34c28f22e8b96e1ab97ce403110664 -> 
  custom:video-codec-MediaFoundation-h265: 746d11721c4dcdbdad8f713fa42b33f4 -> 
  custom:video-decoder-webm-vp8: 9c59270c3fd7afecdb556c50c9e8de78 -> 
  custom:audio-decoder-ogg-vorbis: bf7c407c2cedff20999df2af8eb42d56 -> 
  custom:audio-encoder-webm-vorbis: bf7c407c2cedff20999df2af8eb42d56 -> 
========================================================================
Received Import Request.
  path: Assets/Textures/Backgrounds/Text/Music.png
  artifactKey: Guid(484d9ccbd520ff44e97ac5f79bc45ffc) Importer(815301076,1909f56bfc062723c751e8b465ee728b)
Start importing Assets/Textures/Backgrounds/Text/Music.png using Guid(484d9ccbd520ff44e97ac5f79bc45ffc) Importer(815301076,1909f56bfc062723c751e8b465ee728b)  -> (artifact id: '8a3e9f628fdeb5f21db17f7a14247815') in 0.090440 seconds 
  Import took 0.094455 seconds .

========================================================================
Received Import Request.
  Time since last request: 0.000427 seconds.
  path: Assets/Textures/Backgrounds/Text/Lines.png
  artifactKey: Guid(118f49b92309cfa48be10d47f4602f9f) Importer(815301076,1909f56bfc062723c751e8b465ee728b)
Start importing Assets/Textures/Backgrounds/Text/Lines.png using Guid(118f49b92309cfa48be10d47f4602f9f) Importer(815301076,1909f56bfc062723c751e8b465ee728b)  -> (artifact id: '7e0ea5aaed82f7ec8e0dcb853a9fdd97') in 0.020492 seconds 
  Import took 0.024618 seconds .

========================================================================
Received Import Request.
  Time since last request: 0.000628 seconds.
  path: Assets/Textures/Backgrounds/Text/Skip.png
  artifactKey: Guid(a09b1ab11e46739489e1d90d06223d43) Importer(815301076,1909f56bfc062723c751e8b465ee728b)
Start importing Assets/Textures/Backgrounds/Text/Skip.png using Guid(a09b1ab11e46739489e1d90d06223d43) Importer(815301076,1909f56bfc062723c751e8b465ee728b)  -> (artifact id: '784b42808eb684e2a3883562106b3844') in 0.016518 seconds 
  Import took 0.019947 seconds .

========================================================================
Received Import Request.
  Time since last request: 0.000283 seconds.
  path: Assets/Textures/Backgrounds/Text/Scenes.png
  artifactKey: Guid(d4ea324be1499f942bf8f00b545dbbda) Importer(815301076,1909f56bfc062723c751e8b465ee728b)
Start importing Assets/Textures/Backgrounds/Text/Scenes.png using Guid(d4ea324be1499f942bf8f00b545dbbda) Importer(815301076,1909f56bfc062723c751e8b465ee728b)  -> (artifact id: 'e47cb64a156251353edff22614236bf6') in 0.024939 seconds 
  Import took 0.030308 seconds .

========================================================================
Received Import Request.
  Time since last request: 0.000372 seconds.
  path: Assets/Textures/Backgrounds/Text/Paused.png
  artifactKey: Guid(6d1cd85ec9fec5042abceb42aa1c5864) Importer(815301076,1909f56bfc062723c751e8b465ee728b)
Start importing Assets/Textures/Backgrounds/Text/Paused.png using Guid(6d1cd85ec9fec5042abceb42aa1c5864) Importer(815301076,1909f56bfc062723c751e8b465ee728b)  -> (artifact id: '4e0288ee3560b2e7f863654f18f2b7f7') in 0.016265 seconds 
  Import took 0.020247 seconds .

========================================================================
Received Import Request.
  Time since last request: 0.000425 seconds.
  path: Assets/Textures/Backgrounds/Text/Fruits.png
  artifactKey: Guid(a49f8d123b3cb984f8c744ef2ed350cc) Importer(815301076,1909f56bfc062723c751e8b465ee728b)
Start importing Assets/Textures/Backgrounds/Text/Fruits.png using Guid(a49f8d123b3cb984f8c744ef2ed350cc) Importer(815301076,1909f56bfc062723c751e8b465ee728b)  -> (artifact id: '7459e5695b672b085ca7e10d6bebfe64') in 0.019828 seconds 
  Import took 0.024600 seconds .

========================================================================
Received Import Request.
  Time since last request: 0.000437 seconds.
  path: Assets/Textures/Backgrounds/Text/Back.png
  artifactKey: Guid(c351c7a6082e2f845b37f432f1740cef) Importer(815301076,1909f56bfc062723c751e8b465ee728b)
Start importing Assets/Textures/Backgrounds/Text/Back.png using Guid(c351c7a6082e2f845b37f432f1740cef) Importer(815301076,1909f56bfc062723c751e8b465ee728b)  -> (artifact id: 'a2f1256b6942bf41a84e7feeb800f535') in 0.030860 seconds 
  Import took 0.036018 seconds .

========================================================================
Received Import Request.
  Time since last request: 0.000388 seconds.
  path: Assets/Textures/Backgrounds/Text/Options.png
  artifactKey: Guid(da5f6de61a446a9489285c60821c7fa1) Importer(815301076,1909f56bfc062723c751e8b465ee728b)
Start importing Assets/Textures/Backgrounds/Text/Options.png using Guid(da5f6de61a446a9489285c60821c7fa1) Importer(815301076,1909f56bfc062723c751e8b465ee728b)  -> (artifact id: '2cf90bb74849bf1010cbcf0500962d6f') in 0.019236 seconds 
  Import took 0.023578 seconds .

========================================================================
Received Import Request.
  Time since last request: 0.000502 seconds.
  path: Assets/Textures/Backgrounds/Text/GameOver.png
  artifactKey: Guid(01faf83adb4be174aa401f9ccb3e6e92) Importer(815301076,1909f56bfc062723c751e8b465ee728b)
Start importing Assets/Textures/Backgrounds/Text/GameOver.png using Guid(01faf83adb4be174aa401f9ccb3e6e92) Importer(815301076,1909f56bfc062723c751e8b465ee728b)  -> (artifact id: 'ba1aacf967ba493404faf3adbf3c091f') in 0.015883 seconds 
  Import took 0.019453 seconds .

========================================================================
Received Import Request.
  Time since last request: 0.000285 seconds.
  path: Assets/Textures/Backgrounds/Text/Daily.png
  artifactKey: Guid(f46404a3f33c5e644973aa427ca4042d) Importer(815301076,1909f56bfc062723c751e8b465ee728b)
Start importing Assets/Textures/Backgrounds/Text/Daily.png using Guid(f46404a3f33c5e644973aa427ca4042d) Importer(815301076,1909f56bfc062723c751e8b465ee728b)  -> (artifact id: 'd3c138f0b773dcd28fe3629e46c14532') in 0.023150 seconds 
  Import took 0.029205 seconds .

========================================================================
Received Import Request.
  Time since last request: 0.000297 seconds.
  path: Assets/Textures/Backgrounds/Text/Play.png
  artifactKey: Guid(14a9762cec837ef48a5f53ee4a5ff7a4) Importer(815301076,1909f56bfc062723c751e8b465ee728b)
Start importing Assets/Textures/Backgrounds/Text/Play.png using Guid(14a9762cec837ef48a5f53ee4a5ff7a4) Importer(815301076,1909f56bfc062723c751e8b465ee728b)  -> (artifact id: 'db1f9af4bdf4760af0d57a5816f2a17a') in 0.024133 seconds 
  Import took 0.028253 seconds .

========================================================================
Received Import Request.
  Time since last request: 0.000577 seconds.
  path: Assets/Textures/Backgrounds/Text/Volume.png
  artifactKey: Guid(9cb7b3b0d702bfb4c924faf95271e8df) Importer(815301076,1909f56bfc062723c751e8b465ee728b)
Start importing Assets/Textures/Backgrounds/Text/Volume.png using Guid(9cb7b3b0d702bfb4c924faf95271e8df) Importer(815301076,1909f56bfc062723c751e8b465ee728b)  -> (artifact id: 'd3885d4db4ef4d0ec9c7d9a935b30847') in 0.027691 seconds 
  Import took 0.031722 seconds .

========================================================================
Received Import Request.
  Time since last request: 0.000306 seconds.
  path: Assets/Textures/Backgrounds/Text/SFX.png
  artifactKey: Guid(1bac7188731d99748bd02cc6ae8730d8) Importer(815301076,1909f56bfc062723c751e8b465ee728b)
Start importing Assets/Textures/Backgrounds/Text/SFX.png using Guid(1bac7188731d99748bd02cc6ae8730d8) Importer(815301076,1909f56bfc062723c751e8b465ee728b)  -> (artifact id: 'afe45f367bdc0dc39671e05905e4235a') in 0.015384 seconds 
  Import took 0.018609 seconds .

========================================================================
Received Import Request.
  Time since last request: 0.000240 seconds.
  path: Assets/Textures/Backgrounds/Text/Reject.png
  artifactKey: Guid(d272a21899aad9e4c91b2ff946a463a2) Importer(815301076,1909f56bfc062723c751e8b465ee728b)
Start importing Assets/Textures/Backgrounds/Text/Reject.png using Guid(d272a21899aad9e4c91b2ff946a463a2) Importer(815301076,1909f56bfc062723c751e8b465ee728b)  -> (artifact id: 'ab9c4b748e877c427bc8d3e5c0af1235') in 0.022175 seconds 
  Import took 0.026143 seconds .

========================================================================
Received Import Request.
  Time since last request: 0.000513 seconds.
  path: Assets/Textures/Backgrounds/Text/Purchase.png
  artifactKey: Guid(47902640c9d89d64db5c39bb2bfcae55) Importer(815301076,1909f56bfc062723c751e8b465ee728b)
Start importing Assets/Textures/Backgrounds/Text/Purchase.png using Guid(47902640c9d89d64db5c39bb2bfcae55) Importer(815301076,1909f56bfc062723c751e8b465ee728b)  -> (artifact id: 'da0b123581e0e5a74fc5cd4977fd2943') in 0.018750 seconds 
  Import took 0.021860 seconds .

========================================================================
Received Import Request.
  Time since last request: 0.000263 seconds.
  path: Assets/Textures/Backgrounds/Text/Buy.png
  artifactKey: Guid(635e8eac4c0008e49843927dc155fa18) Importer(815301076,1909f56bfc062723c751e8b465ee728b)
Start importing Assets/Textures/Backgrounds/Text/Buy.png using Guid(635e8eac4c0008e49843927dc155fa18) Importer(815301076,1909f56bfc062723c751e8b465ee728b)  -> (artifact id: '3852acfd2ac6ee4991273aeecf6c8d25') in 0.021197 seconds 
  Import took 0.025139 seconds .

========================================================================
Received Import Request.
  Time since last request: 0.000308 seconds.
  path: Assets/Textures/Backgrounds/Text/Exit.png
  artifactKey: Guid(d67fab9780c22d74f9c45e3b31437578) Importer(815301076,1909f56bfc062723c751e8b465ee728b)
Start importing Assets/Textures/Backgrounds/Text/Exit.png using Guid(d67fab9780c22d74f9c45e3b31437578) Importer(815301076,1909f56bfc062723c751e8b465ee728b)  -> (artifact id: '36c0f77a576020ab9dcdc62237b56803') in 0.024914 seconds 
  Import took 0.030637 seconds .

========================================================================
Received Import Request.
  Time since last request: 0.000207 seconds.
  path: Assets/Textures/Backgrounds/Text/Shop.png
  artifactKey: Guid(dd303fdd5e87ecb4c94aa90b5a72d1f0) Importer(815301076,1909f56bfc062723c751e8b465ee728b)
Start importing Assets/Textures/Backgrounds/Text/Shop.png using Guid(dd303fdd5e87ecb4c94aa90b5a72d1f0) Importer(815301076,1909f56bfc062723c751e8b465ee728b)  -> (artifact id: 'da1c5492a9c899f38bbef1d30c4fe410') in 0.017046 seconds 
  Import took 0.021545 seconds .

========================================================================
Received Import Request.
  Time since last request: 0.000241 seconds.
  path: Assets/Textures/Backgrounds/Text/Delete.png
  artifactKey: Guid(5c2a4cf1129c8304da2b50c78b679aee) Importer(815301076,1909f56bfc062723c751e8b465ee728b)
Start importing Assets/Textures/Backgrounds/Text/Delete.png using Guid(5c2a4cf1129c8304da2b50c78b679aee) Importer(815301076,1909f56bfc062723c751e8b465ee728b)  -> (artifact id: '4b06b4ddcce26a75b86f3229f0948ced') in 0.023130 seconds 
  Import took 0.026814 seconds .

========================================================================
Received Prepare
Registering precompiled user dll's ...
Registered in 0.004115 seconds.
Begin MonoManager ReloadAssembly
Native extension for WindowsStandalone target not found
Native extension for OSXStandalone target not found
Native extension for WebGL target not found
Refreshing native plugins compatible for Editor in 0.54 ms, found 2 plugins.
Preloading 0 native plugins for Editor in 0.00 ms.
Mono: successfully reloaded assembly
- Completed reload, in  1.596 seconds
Domain Reload Profiling:
	ReloadAssembly (1597ms)
		BeginReloadAssembly (138ms)
			ExecutionOrderSort (0ms)
			DisableScriptedObjects (17ms)
			BackupInstance (0ms)
			ReleaseScriptingObjects (0ms)
			CreateAndSetChildDomain (40ms)
		EndReloadAssembly (1372ms)
			LoadAssemblies (134ms)
			RebuildTransferFunctionScriptingTraits (0ms)
			SetupTypeCache (506ms)
			ReleaseScriptCaches (1ms)
			RebuildScriptCaches (69ms)
			SetupLoadedEditorAssemblies (470ms)
				LogAssemblyErrors (0ms)
				InitializePlatformSupportModulesInManaged (13ms)
				SetLoadedEditorAssemblies (1ms)
				RefreshPlugins (1ms)
				BeforeProcessingInitializeOnLoad (77ms)
				ProcessInitializeOnLoadAttributes (371ms)
				ProcessInitializeOnLoadMethodAttributes (4ms)
				AfterProcessingInitializeOnLoad (5ms)
				EditorAssembliesLoaded (0ms)
			ExecutionOrderSort2 (0ms)
			AwakeInstancesAfterBackupRestoration (7ms)
Platform modules already initialized, skipping
Switching build target platform(19) subTarget(0) extendedPlatform(0) -> platform(13) subTarget(589824) extendedPlatform(0)
Refreshing native plugins compatible for Editor in 0.26 ms, found 2 plugins.
Preloading 0 native plugins for Editor in 0.00 ms.
Unloading 1405 Unused Serialized files (Serialized files now loaded: 0)
System memory in use before: 67.4 MB.
System memory in use after: 67.5 MB.

Unloading 11 unused Assets to reduce memory usage. Loaded Objects now: 1867.
Total: 3.061300 ms (FindLiveObjects: 0.105600 ms CreateObjectMapping: 0.030300 ms MarkObjects: 2.871600 ms  DeleteObjects: 0.052600 ms)

AssetImportParameters requested are different than current active one (requested -> active):
  custom:framework-win-MediaFoundation: 216162199b28c13a410421893ffa2e32 -> 
  custom:video-decoder-ogg-theora: a1e56fd34408186e4bbccfd4996cb3dc -> 
  custom:container-muxer-webm: aa71ff27fc2769a1b78a27578f13a17b -> 
  custom:container-demuxer-webm: 4f35f7cbe854078d1ac9338744f61a02 -> 
  custom:container-demuxer-ogg: 62fdf1f143b41e24485cea50d1cbac27 -> 
  custom:video-encoder-webm-vp8: eb34c28f22e8b96e1ab97ce403110664 -> 
  custom:video-codec-MediaFoundation-h265: 746d11721c4dcdbdad8f713fa42b33f4 -> 
  custom:video-decoder-webm-vp8: 9c59270c3fd7afecdb556c50c9e8de78 -> 
  custom:graphics/normal-map-encoding: 01000000000000000000000000000000 -> 02000000000000000000000000000000
  custom:audio-decoder-ogg-vorbis: bf7c407c2cedff20999df2af8eb42d56 -> 
  custom:audio-encoder-webm-vorbis: bf7c407c2cedff20999df2af8eb42d56 -> 
========================================================================
Received Import Request.
  Time since last request: 65.627237 seconds.
  path: Assets/Textures/Backgrounds/Text/Play.png
  artifactKey: Guid(14a9762cec837ef48a5f53ee4a5ff7a4) Importer(815301076,1909f56bfc062723c751e8b465ee728b)
Start importing Assets/Textures/Backgrounds/Text/Play.png using Guid(14a9762cec837ef48a5f53ee4a5ff7a4) Importer(815301076,1909f56bfc062723c751e8b465ee728b)  -> (artifact id: '94ca1d7ad6acb6cb11d63d19da3638b0') in 0.057128 seconds 
  Import took 0.059659 seconds .

========================================================================
Received Import Request.
  Time since last request: 8.566092 seconds.
  path: Assets/Textures/Backgrounds/Text/Play.png
  artifactKey: Guid(14a9762cec837ef48a5f53ee4a5ff7a4) Importer(815301076,1909f56bfc062723c751e8b465ee728b)
Start importing Assets/Textures/Backgrounds/Text/Play.png using Guid(14a9762cec837ef48a5f53ee4a5ff7a4) Importer(815301076,1909f56bfc062723c751e8b465ee728b)  -> (artifact id: '009b1e79a417c932980c52bf25cc693e') in 0.023296 seconds 
  Import took 0.026873 seconds .

========================================================================
Received Import Request.
  Time since last request: 4.524053 seconds.
  path: Assets/Textures/Backgrounds/Text/Play.png
  artifactKey: Guid(14a9762cec837ef48a5f53ee4a5ff7a4) Importer(815301076,1909f56bfc062723c751e8b465ee728b)
Start importing Assets/Textures/Backgrounds/Text/Play.png using Guid(14a9762cec837ef48a5f53ee4a5ff7a4) Importer(815301076,1909f56bfc062723c751e8b465ee728b)  -> (artifact id: '855fc1edbfacabc5377ecfa820117015') in 0.009096 seconds 
  Import took 0.013213 seconds .

========================================================================
Received Import Request.
  Time since last request: 3.445215 seconds.
  path: Assets/Textures/Backgrounds/Text/Play.png
  artifactKey: Guid(14a9762cec837ef48a5f53ee4a5ff7a4) Importer(815301076,1909f56bfc062723c751e8b465ee728b)
Start importing Assets/Textures/Backgrounds/Text/Play.png using Guid(14a9762cec837ef48a5f53ee4a5ff7a4) Importer(815301076,1909f56bfc062723c751e8b465ee728b)  -> (artifact id: '15edb9a9c1f3d10fea5775d04572bbaf') in 0.023791 seconds 
  Import took 0.027239 seconds .

========================================================================
Received Import Request.
  Time since last request: 6.140448 seconds.
  path: Assets/Textures/Backgrounds/Text/Play.png
  artifactKey: Guid(14a9762cec837ef48a5f53ee4a5ff7a4) Importer(815301076,1909f56bfc062723c751e8b465ee728b)
Start importing Assets/Textures/Backgrounds/Text/Play.png using Guid(14a9762cec837ef48a5f53ee4a5ff7a4) Importer(815301076,1909f56bfc062723c751e8b465ee728b)  -> (artifact id: '82c1281e2409502ae5de44646f5aeffd') in 0.011761 seconds 
  Import took 0.015093 seconds .

========================================================================
Received Import Request.
  Time since last request: 0.003272 seconds.
  path: Assets/Textures/Backgrounds/Text/Play.png
  artifactKey: Guid(14a9762cec837ef48a5f53ee4a5ff7a4) Importer(815301076,1909f56bfc062723c751e8b465ee728b)
Start importing Assets/Textures/Backgrounds/Text/Play.png using Guid(14a9762cec837ef48a5f53ee4a5ff7a4) Importer(815301076,1909f56bfc062723c751e8b465ee728b)  -> (artifact id: '82c1281e2409502ae5de44646f5aeffd') in 0.017935 seconds 
  Import took 0.021088 seconds .

========================================================================
Received Import Request.
  Time since last request: 13.101377 seconds.
  path: Assets/Textures/Backgrounds/Text/Play.png
  artifactKey: Guid(14a9762cec837ef48a5f53ee4a5ff7a4) Importer(815301076,1909f56bfc062723c751e8b465ee728b)
Start importing Assets/Textures/Backgrounds/Text/Play.png using Guid(14a9762cec837ef48a5f53ee4a5ff7a4) Importer(815301076,1909f56bfc062723c751e8b465ee728b)  -> (artifact id: 'fe8644f94c3348e23afae1311cb13610') in 0.013135 seconds 
  Import took 0.016380 seconds .

========================================================================
Received Import Request.
  Time since last request: 23.268548 seconds.
  path: Assets/Textures/Backgrounds/Text/Play.png
  artifactKey: Guid(14a9762cec837ef48a5f53ee4a5ff7a4) Importer(815301076,1909f56bfc062723c751e8b465ee728b)
Start importing Assets/Textures/Backgrounds/Text/Play.png using Guid(14a9762cec837ef48a5f53ee4a5ff7a4) Importer(815301076,1909f56bfc062723c751e8b465ee728b)  -> (artifact id: '5a9790a6e79f8c9aa06030b67c20eb5b') in 0.018229 seconds 
  Import took 0.021610 seconds .

========================================================================
Received Import Request.
  Time since last request: 237.596312 seconds.
  path: Assets/Scenes/Lighting.lighting
  artifactKey: Guid(a43b45e354d37c54692621e76c2553e1) Importer(815301076,1909f56bfc062723c751e8b465ee728b)
Start importing Assets/Scenes/Lighting.lighting using Guid(a43b45e354d37c54692621e76c2553e1) Importer(815301076,1909f56bfc062723c751e8b465ee728b)  -> (artifact id: '76dbd69c1ca6b125247400083770c3df') in 0.016141 seconds 
  Import took 0.021719 seconds .

========================================================================
Received Import Request.
  Time since last request: 0.003312 seconds.
  path: Assets/Scenes/Lighting.lighting
  artifactKey: Guid(a43b45e354d37c54692621e76c2553e1) Importer(815301076,1909f56bfc062723c751e8b465ee728b)
Start importing Assets/Scenes/Lighting.lighting using Guid(a43b45e354d37c54692621e76c2553e1) Importer(815301076,1909f56bfc062723c751e8b465ee728b)  -> (artifact id: '76dbd69c1ca6b125247400083770c3df') in 0.005393 seconds 
  Import took 0.010076 seconds .

========================================================================
Received Import Request.
  Time since last request: 67.842634 seconds.
  path: Assets/Scenes/Game
  artifactKey: Guid(a38208b3def4ea1498429778a15b82ca) Importer(815301076,1909f56bfc062723c751e8b465ee728b)
Start importing Assets/Scenes/Game using Guid(a38208b3def4ea1498429778a15b82ca) Importer(815301076,1909f56bfc062723c751e8b465ee728b)  -> (artifact id: '21f21ab6ead3119163f32f8b49c77a1c') in 0.012240 seconds 
  Import took 0.016864 seconds .

========================================================================
Received Import Request.
  Time since last request: 0.067716 seconds.
  path: Assets/Scenes/Game/LightingData.asset
  artifactKey: Guid(b8d295a397f2b85468e32f4f5cfb42a0) Importer(815301076,1909f56bfc062723c751e8b465ee728b)
Start importing Assets/Scenes/Game/LightingData.asset using Guid(b8d295a397f2b85468e32f4f5cfb42a0) Importer(815301076,1909f56bfc062723c751e8b465ee728b)  -> (artifact id: '1e025e6fdefd313faa58d5244cdb737e') in 0.014672 seconds 
  Import took 0.023215 seconds .

========================================================================
Received Import Request.
  Time since last request: 0.000462 seconds.
  path: Assets/Scenes/Game/ReflectionProbe-0.exr
  artifactKey: Guid(67f4727415ebd8e4d8e407a25ccc5894) Importer(815301076,1909f56bfc062723c751e8b465ee728b)
Start importing Assets/Scenes/Game/ReflectionProbe-0.exr using Guid(67f4727415ebd8e4d8e407a25ccc5894) Importer(815301076,1909f56bfc062723c751e8b465ee728b)  -> (artifact id: '59955b992ad1af7fd08b0be08bc694cd') in 0.125399 seconds 
  Import took 0.129668 seconds .

========================================================================
Received Import Request.
  Time since last request: 27.051820 seconds.
  path: Assets/Scenes/Game/LightingData.asset
  artifactKey: Guid(b8d295a397f2b85468e32f4f5cfb42a0) Importer(815301076,1909f56bfc062723c751e8b465ee728b)
Start importing Assets/Scenes/Game/LightingData.asset using Guid(b8d295a397f2b85468e32f4f5cfb42a0) Importer(815301076,1909f56bfc062723c751e8b465ee728b)  -> (artifact id: 'e677ce62d9154ff6d5258c20246881a5') in 0.003232 seconds 
  Import took 0.006330 seconds .

========================================================================
Received Prepare
Registering precompiled user dll's ...
Registered in 0.004222 seconds.
Begin MonoManager ReloadAssembly
Native extension for WindowsStandalone target not found
Native extension for OSXStandalone target not found
Native extension for WebGL target not found
Refreshing native plugins compatible for Editor in 0.68 ms, found 2 plugins.
Preloading 0 native plugins for Editor in 0.00 ms.
Mono: successfully reloaded assembly
- Completed reload, in  2.051 seconds
Domain Reload Profiling:
	ReloadAssembly (2051ms)
		BeginReloadAssembly (201ms)
			ExecutionOrderSort (0ms)
			DisableScriptedObjects (6ms)
			BackupInstance (0ms)
			ReleaseScriptingObjects (0ms)
			CreateAndSetChildDomain (65ms)
		EndReloadAssembly (1650ms)
			LoadAssemblies (183ms)
			RebuildTransferFunctionScriptingTraits (0ms)
			SetupTypeCache (589ms)
			ReleaseScriptCaches (2ms)
			RebuildScriptCaches (66ms)
			SetupLoadedEditorAssemblies (592ms)
				LogAssemblyErrors (0ms)
				InitializePlatformSupportModulesInManaged (16ms)
				SetLoadedEditorAssemblies (1ms)
				RefreshPlugins (1ms)
				BeforeProcessingInitializeOnLoad (130ms)
				ProcessInitializeOnLoadAttributes (433ms)
				ProcessInitializeOnLoadMethodAttributes (4ms)
				AfterProcessingInitializeOnLoad (6ms)
				EditorAssembliesLoaded (1ms)
			ExecutionOrderSort2 (0ms)
			AwakeInstancesAfterBackupRestoration (12ms)
Platform modules already initialized, skipping
Switching build target platform(19) subTarget(0) extendedPlatform(0) -> platform(13) subTarget(589824) extendedPlatform(0)
Refreshing native plugins compatible for Editor in 0.32 ms, found 2 plugins.
Preloading 0 native plugins for Editor in 0.00 ms.
Unloading 1405 Unused Serialized files (Serialized files now loaded: 0)
System memory in use before: 70.8 MB.
System memory in use after: 70.9 MB.

Unloading 11 unused Assets to reduce memory usage. Loaded Objects now: 1902.
Total: 2.399100 ms (FindLiveObjects: 0.113400 ms CreateObjectMapping: 0.036600 ms MarkObjects: 2.229100 ms  DeleteObjects: 0.018700 ms)

AssetImportParameters requested are different than current active one (requested -> active):
  custom:framework-win-MediaFoundation: 216162199b28c13a410421893ffa2e32 -> 
  custom:video-decoder-ogg-theora: a1e56fd34408186e4bbccfd4996cb3dc -> 
  custom:container-muxer-webm: aa71ff27fc2769a1b78a27578f13a17b -> 
  custom:container-demuxer-webm: 4f35f7cbe854078d1ac9338744f61a02 -> 
  custom:container-demuxer-ogg: 62fdf1f143b41e24485cea50d1cbac27 -> 
  custom:video-encoder-webm-vp8: eb34c28f22e8b96e1ab97ce403110664 -> 
  custom:video-codec-MediaFoundation-h265: 746d11721c4dcdbdad8f713fa42b33f4 -> 
  custom:video-decoder-webm-vp8: 9c59270c3fd7afecdb556c50c9e8de78 -> 
  custom:graphics/normal-map-encoding: 01000000000000000000000000000000 -> 02000000000000000000000000000000
  custom:audio-decoder-ogg-vorbis: bf7c407c2cedff20999df2af8eb42d56 -> 
  custom:audio-encoder-webm-vorbis: bf7c407c2cedff20999df2af8eb42d56 -> 
========================================================================
Received Import Request.
  Time since last request: 161.026712 seconds.
  path: Assets/Scripts/GameManager.cs
  artifactKey: Guid(d178324ee577ea948886ea1117079f42) Importer(815301076,1909f56bfc062723c751e8b465ee728b)
Start importing Assets/Scripts/GameManager.cs using Guid(d178324ee577ea948886ea1117079f42) Importer(815301076,1909f56bfc062723c751e8b465ee728b)  -> (artifact id: '59fb85d67eec0a93dabdbc47c61856f4') in 0.010707 seconds 
  Import took 0.013513 seconds .

========================================================================
Received Import Request.
  Time since last request: 176.201648 seconds.
  path: Assets/Materials/Backgrounds/Logo.mat
  artifactKey: Guid(b1c2390a3d7ef8b4580fcd60d751ae68) Importer(815301076,1909f56bfc062723c751e8b465ee728b)
Start importing Assets/Materials/Backgrounds/Logo.mat using Guid(b1c2390a3d7ef8b4580fcd60d751ae68) Importer(815301076,1909f56bfc062723c751e8b465ee728b)  -> (artifact id: '181a1daba180add0077187ddf8e267e9') in 0.099261 seconds 
  Import took 0.103629 seconds .

========================================================================
Received Import Request.
  Time since last request: 10.083604 seconds.
  path: Assets/Materials/Objects/Star.mat
  artifactKey: Guid(7769c749449568144898fa159034209e) Importer(815301076,1909f56bfc062723c751e8b465ee728b)
Start importing Assets/Materials/Objects/Star.mat using Guid(7769c749449568144898fa159034209e) Importer(815301076,1909f56bfc062723c751e8b465ee728b)  -> (artifact id: '9f46587b14b3508e509f2150b5fcad11') in 0.034508 seconds 
  Import took 0.040052 seconds .

========================================================================
Received Import Request.
  Time since last request: 146.819781 seconds.
  path: Assets/Textures/Misc/Star.png
  artifactKey: Guid(5adbd23e500c8fa4491b0fe28b56003b) Importer(815301076,1909f56bfc062723c751e8b465ee728b)
Start importing Assets/Textures/Misc/Star.png using Guid(5adbd23e500c8fa4491b0fe28b56003b) Importer(815301076,1909f56bfc062723c751e8b465ee728b)  -> (artifact id: '39b34773ab5b90c0c27b6275e5814283') in 0.023389 seconds 
  Import took 0.028282 seconds .

========================================================================
Received Import Request.
  Time since last request: 0.020490 seconds.
  path: Assets/Textures/Misc/Star.png
  artifactKey: Guid(5adbd23e500c8fa4491b0fe28b56003b) Importer(815301076,1909f56bfc062723c751e8b465ee728b)
Start importing Assets/Textures/Misc/Star.png using Guid(5adbd23e500c8fa4491b0fe28b56003b) Importer(815301076,1909f56bfc062723c751e8b465ee728b)  -> (artifact id: '39b34773ab5b90c0c27b6275e5814283') in 0.027735 seconds 
  Import took 0.032515 seconds .

========================================================================
Received Import Request.
  Time since last request: 4.301442 seconds.
  path: Assets/Textures/Misc/Star.png
  artifactKey: Guid(5adbd23e500c8fa4491b0fe28b56003b) Importer(815301076,1909f56bfc062723c751e8b465ee728b)
Start importing Assets/Textures/Misc/Star.png using Guid(5adbd23e500c8fa4491b0fe28b56003b) Importer(815301076,1909f56bfc062723c751e8b465ee728b)  -> (artifact id: '2b91af7305850b39efcbc633be8d397f') in 0.021400 seconds 
  Import took 0.024837 seconds .

========================================================================
Received Import Request.
  Time since last request: 2.259631 seconds.
  path: Assets/Textures/Misc/Star.png
  artifactKey: Guid(5adbd23e500c8fa4491b0fe28b56003b) Importer(815301076,1909f56bfc062723c751e8b465ee728b)
Start importing Assets/Textures/Misc/Star.png using Guid(5adbd23e500c8fa4491b0fe28b56003b) Importer(815301076,1909f56bfc062723c751e8b465ee728b)  -> (artifact id: '0174c235e852aef66b72dfafafce7b00') in 0.020651 seconds 
  Import took 0.025744 seconds .

========================================================================
Received Import Request.
  Time since last request: 8.769093 seconds.
  path: Packages/com.unity.collab-proxy/Editor/PlasticSCM/Assets/Images/d_colorbuhochristmas.png
  artifactKey: Guid(fd098fb4cf57bad419701c802e442b7e) Importer(815301076,1909f56bfc062723c751e8b465ee728b)
Start importing Packages/com.unity.collab-proxy/Editor/PlasticSCM/Assets/Images/d_colorbuhochristmas.png using Guid(fd098fb4cf57bad419701c802e442b7e) Importer(815301076,1909f56bfc062723c751e8b465ee728b)  -> (artifact id: '7d22860ff866c2fcac7398bba73b9c94') in 0.057908 seconds 
  Import took 0.060639 seconds .

========================================================================
Received Import Request.
  Time since last request: 0.000250 seconds.
  path: Packages/com.unity.collab-proxy/Editor/PlasticSCM/Assets/Images/d_colorbuhoshechristmas.png
  artifactKey: Guid(ec03f79379868c642b48ae5ddc821b6d) Importer(815301076,1909f56bfc062723c751e8b465ee728b)
Start importing Packages/com.unity.collab-proxy/Editor/PlasticSCM/Assets/Images/d_colorbuhoshechristmas.png using Guid(ec03f79379868c642b48ae5ddc821b6d) Importer(815301076,1909f56bfc062723c751e8b465ee728b)  -> (artifact id: '25e6b58ae3def52f6ec398a35a1bc54e') in 0.038015 seconds 
  Import took 0.041781 seconds .

========================================================================
Received Import Request.
  Time since last request: 1.132774 seconds.
  path: Packages/com.unity.collab-proxy/Editor/Collaborate/Assets/Icons/status-error-dark.png
  artifactKey: Guid(8f169193df3d51042a705fa81fc46e72) Importer(815301076,1909f56bfc062723c751e8b465ee728b)
Start importing Packages/com.unity.collab-proxy/Editor/Collaborate/Assets/Icons/status-error-dark.png using Guid(8f169193df3d51042a705fa81fc46e72) Importer(815301076,1909f56bfc062723c751e8b465ee728b)  -> (artifact id: 'a3f51926359514955bc6c901193e2cb7') in 0.028452 seconds 
  Import took 0.031607 seconds .

========================================================================
Received Import Request.
  Time since last request: 0.000429 seconds.
  path: Packages/com.unity.collab-proxy/Editor/Collaborate/Assets/Icons/status-error-dark@2x.png
  artifactKey: Guid(a0fdac62174ca014b94a537688fc684d) Importer(815301076,1909f56bfc062723c751e8b465ee728b)
Start importing Packages/com.unity.collab-proxy/Editor/Collaborate/Assets/Icons/status-error-dark@2x.png using Guid(a0fdac62174ca014b94a537688fc684d) Importer(815301076,1909f56bfc062723c751e8b465ee728b)  -> (artifact id: '3875be295d05aaabb95c6b83747e9ff1') in 0.028332 seconds 
  Import took 0.032280 seconds .

========================================================================
Received Import Request.
  Time since last request: 0.000526 seconds.
  path: Packages/com.unity.collab-proxy/Editor/Collaborate/Assets/Icons/status-warning-light.png
  artifactKey: Guid(7f5bfdeb677f0f9439f594f1cf98266a) Importer(815301076,1909f56bfc062723c751e8b465ee728b)
Start importing Packages/com.unity.collab-proxy/Editor/Collaborate/Assets/Icons/status-warning-light.png using Guid(7f5bfdeb677f0f9439f594f1cf98266a) Importer(815301076,1909f56bfc062723c751e8b465ee728b)  -> (artifact id: 'c77c83d7bbc21aa9c73f5a1daccded68') in 0.033553 seconds 
  Import took 0.037485 seconds .

========================================================================
Received Import Request.
  Time since last request: 0.000362 seconds.
  path: Packages/com.unity.collab-proxy/Editor/Collaborate/Assets/Icons/status-warning-dark.png
  artifactKey: Guid(c2d8bb87691276f4d93f1b74330d1d90) Importer(815301076,1909f56bfc062723c751e8b465ee728b)
Start importing Packages/com.unity.collab-proxy/Editor/Collaborate/Assets/Icons/status-warning-dark.png using Guid(c2d8bb87691276f4d93f1b74330d1d90) Importer(815301076,1909f56bfc062723c751e8b465ee728b)  -> (artifact id: 'c9afb838d87a7a6a2d318bb83725d306') in 0.033753 seconds 
  Import took 0.039550 seconds .

========================================================================
Received Import Request.
  Time since last request: 0.000409 seconds.
  path: Packages/com.unity.collab-proxy/Editor/Collaborate/Assets/Icons/status-info-dark@2x.png
  artifactKey: Guid(eba49403f5934c74b8114ead5f397592) Importer(815301076,1909f56bfc062723c751e8b465ee728b)
Start importing Packages/com.unity.collab-proxy/Editor/Collaborate/Assets/Icons/status-info-dark@2x.png using Guid(eba49403f5934c74b8114ead5f397592) Importer(815301076,1909f56bfc062723c751e8b465ee728b)  -> (artifact id: '5feb49980f5ce7a6557e5a651d769d9f') in 0.031096 seconds 
  Import took 0.034914 seconds .

========================================================================
Received Import Request.
  Time since last request: 0.000286 seconds.
  path: Packages/com.unity.collab-proxy/Editor/Collaborate/Assets/Icons/status-info-dark.png
  artifactKey: Guid(fa1ff86f20525894b9bd92f1b1909ccf) Importer(815301076,1909f56bfc062723c751e8b465ee728b)
Start importing Packages/com.unity.collab-proxy/Editor/Collaborate/Assets/Icons/status-info-dark.png using Guid(fa1ff86f20525894b9bd92f1b1909ccf) Importer(815301076,1909f56bfc062723c751e8b465ee728b)  -> (artifact id: 'cac81015da76f886815589da21a3f4db') in 0.028112 seconds 
  Import took 0.030907 seconds .

========================================================================
Received Import Request.
  Time since last request: 0.000348 seconds.
  path: Packages/com.unity.collab-proxy/Editor/Collaborate/Assets/Icons/status-warning-dark@2x.png
  artifactKey: Guid(98d032c68be4a784ab77b461c5341fc8) Importer(815301076,1909f56bfc062723c751e8b465ee728b)
Start importing Packages/com.unity.collab-proxy/Editor/Collaborate/Assets/Icons/status-warning-dark@2x.png using Guid(98d032c68be4a784ab77b461c5341fc8) Importer(815301076,1909f56bfc062723c751e8b465ee728b)  -> (artifact id: '81c8cbe0e95c4463b1ef42a51356c29a') in 0.031084 seconds 
  Import took 0.036311 seconds .

========================================================================
Received Import Request.
  Time since last request: 0.000524 seconds.
  path: Packages/com.unity.collab-proxy/Editor/Collaborate/Assets/Icons/status-info-light@2x.png
  artifactKey: Guid(e7a0d3e65a5b4ab4db5ba97e4fc06f99) Importer(815301076,1909f56bfc062723c751e8b465ee728b)
Start importing Packages/com.unity.collab-proxy/Editor/Collaborate/Assets/Icons/status-info-light@2x.png using Guid(e7a0d3e65a5b4ab4db5ba97e4fc06f99) Importer(815301076,1909f56bfc062723c751e8b465ee728b)  -> (artifact id: 'c4f2cc2ffb59f96f3b100ced55d25716') in 0.034859 seconds 
  Import took 0.041268 seconds .

========================================================================
Received Import Request.
  Time since last request: 0.000548 seconds.
  path: Packages/com.unity.collab-proxy/Editor/Collaborate/Assets/Icons/status-info-light.png
  artifactKey: Guid(34b3e61f975861a4cba8efcb5f6f05ea) Importer(815301076,1909f56bfc062723c751e8b465ee728b)
Start importing Packages/com.unity.collab-proxy/Editor/Collaborate/Assets/Icons/status-info-light.png using Guid(34b3e61f975861a4cba8efcb5f6f05ea) Importer(815301076,1909f56bfc062723c751e8b465ee728b)  -> (artifact id: '26750791e9c886b5caefa78672782ee5') in 0.026574 seconds 
  Import took 0.030764 seconds .

========================================================================
Received Import Request.
  Time since last request: 44.711074 seconds.
  path: Assets/Scenes/Lighting.lighting
  artifactKey: Guid(a43b45e354d37c54692621e76c2553e1) Importer(815301076,1909f56bfc062723c751e8b465ee728b)
Start importing Assets/Scenes/Lighting.lighting using Guid(a43b45e354d37c54692621e76c2553e1) Importer(815301076,1909f56bfc062723c751e8b465ee728b)  -> (artifact id: '2083627f5e8feec76aa4bb56cd26408d') in 0.005646 seconds 
  Import took 0.010549 seconds .

========================================================================
Received Import Request.
  Time since last request: 0.002475 seconds.
  path: Assets/Scenes/Lighting.lighting
  artifactKey: Guid(a43b45e354d37c54692621e76c2553e1) Importer(815301076,1909f56bfc062723c751e8b465ee728b)
Start importing Assets/Scenes/Lighting.lighting using Guid(a43b45e354d37c54692621e76c2553e1) Importer(815301076,1909f56bfc062723c751e8b465ee728b)  -> (artifact id: '2083627f5e8feec76aa4bb56cd26408d') in 0.005144 seconds 
  Import took 0.010254 seconds .

========================================================================
Received Prepare
Refreshing native plugins compatible for Editor in 4.94 ms, found 2 plugins.
Preloading 0 native plugins for Editor in 0.00 ms.
Unloading 9 Unused Serialized files (Serialized files now loaded: 0)
System memory in use before: 43.3 MB.
System memory in use after: 43.4 MB.

Unloading 9 unused Assets to reduce memory usage. Loaded Objects now: 1917.
Total: 6.568300 ms (FindLiveObjects: 0.167700 ms CreateObjectMapping: 0.037000 ms MarkObjects: 6.307600 ms  DeleteObjects: 0.054800 ms)

AssetImportParameters requested are different than current active one (requested -> active):
  custom:framework-win-MediaFoundation: 216162199b28c13a410421893ffa2e32 -> 
  custom:video-decoder-ogg-theora: a1e56fd34408186e4bbccfd4996cb3dc -> 
  custom:container-muxer-webm: aa71ff27fc2769a1b78a27578f13a17b -> 
  custom:container-demuxer-webm: 4f35f7cbe854078d1ac9338744f61a02 -> 
  custom:container-demuxer-ogg: 62fdf1f143b41e24485cea50d1cbac27 -> 
  custom:video-encoder-webm-vp8: eb34c28f22e8b96e1ab97ce403110664 -> 
  custom:video-codec-MediaFoundation-h265: 746d11721c4dcdbdad8f713fa42b33f4 -> 
  custom:video-decoder-webm-vp8: 9c59270c3fd7afecdb556c50c9e8de78 -> 
  custom:audio-decoder-ogg-vorbis: bf7c407c2cedff20999df2af8eb42d56 -> 
  custom:audio-encoder-webm-vorbis: bf7c407c2cedff20999df2af8eb42d56 -> 
========================================================================
Received Prepare
Registering precompiled user dll's ...
Registered in 0.002406 seconds.
Begin MonoManager ReloadAssembly
Native extension for WindowsStandalone target not found
Native extension for OSXStandalone target not found
Native extension for WebGL target not found
Refreshing native plugins compatible for Editor in 0.68 ms, found 2 plugins.
Preloading 0 native plugins for Editor in 0.00 ms.
Mono: successfully reloaded assembly
- Completed reload, in  1.919 seconds
Domain Reload Profiling:
	ReloadAssembly (1920ms)
		BeginReloadAssembly (192ms)
			ExecutionOrderSort (0ms)
			DisableScriptedObjects (6ms)
			BackupInstance (0ms)
			ReleaseScriptingObjects (0ms)
			CreateAndSetChildDomain (52ms)
		EndReloadAssembly (1655ms)
			LoadAssemblies (190ms)
			RebuildTransferFunctionScriptingTraits (0ms)
			SetupTypeCache (572ms)
			ReleaseScriptCaches (2ms)
			RebuildScriptCaches (88ms)
			SetupLoadedEditorAssemblies (547ms)
				LogAssemblyErrors (0ms)
				InitializePlatformSupportModulesInManaged (13ms)
				SetLoadedEditorAssemblies (1ms)
				RefreshPlugins (1ms)
				BeforeProcessingInitializeOnLoad (143ms)
				ProcessInitializeOnLoadAttributes (375ms)
				ProcessInitializeOnLoadMethodAttributes (5ms)
				AfterProcessingInitializeOnLoad (8ms)
				EditorAssembliesLoaded (0ms)
			ExecutionOrderSort2 (0ms)
			AwakeInstancesAfterBackupRestoration (8ms)
Platform modules already initialized, skipping
Switching build target platform(19) subTarget(0) extendedPlatform(0) -> platform(13) subTarget(589824) extendedPlatform(0)
Refreshing native plugins compatible for Editor in 0.29 ms, found 2 plugins.
Preloading 0 native plugins for Editor in 0.00 ms.
Unloading 1405 Unused Serialized files (Serialized files now loaded: 0)
System memory in use before: 70.9 MB.
System memory in use after: 71.0 MB.

Unloading 11 unused Assets to reduce memory usage. Loaded Objects now: 1919.
Total: 2.698900 ms (FindLiveObjects: 0.159000 ms CreateObjectMapping: 0.036700 ms MarkObjects: 2.463700 ms  DeleteObjects: 0.038100 ms)

AssetImportParameters requested are different than current active one (requested -> active):
  custom:framework-win-MediaFoundation: 216162199b28c13a410421893ffa2e32 -> 
  custom:video-decoder-ogg-theora: a1e56fd34408186e4bbccfd4996cb3dc -> 
  custom:container-muxer-webm: aa71ff27fc2769a1b78a27578f13a17b -> 
  custom:container-demuxer-webm: 4f35f7cbe854078d1ac9338744f61a02 -> 
  custom:container-demuxer-ogg: 62fdf1f143b41e24485cea50d1cbac27 -> 
  custom:video-encoder-webm-vp8: eb34c28f22e8b96e1ab97ce403110664 -> 
  custom:video-codec-MediaFoundation-h265: 746d11721c4dcdbdad8f713fa42b33f4 -> 
  custom:video-decoder-webm-vp8: 9c59270c3fd7afecdb556c50c9e8de78 -> 
  custom:graphics/normal-map-encoding: 01000000000000000000000000000000 -> 02000000000000000000000000000000
  custom:audio-decoder-ogg-vorbis: bf7c407c2cedff20999df2af8eb42d56 -> 
  custom:audio-encoder-webm-vorbis: bf7c407c2cedff20999df2af8eb42d56 -> 
========================================================================
Received Prepare
Refreshing native plugins compatible for Editor in 5.72 ms, found 2 plugins.
Preloading 0 native plugins for Editor in 0.00 ms.
Unloading 9 Unused Serialized files (Serialized files now loaded: 0)
System memory in use before: 43.1 MB.
System memory in use after: 43.3 MB.

Unloading 9 unused Assets to reduce memory usage. Loaded Objects now: 1919.
Total: 4.391000 ms (FindLiveObjects: 0.178300 ms CreateObjectMapping: 0.044900 ms MarkObjects: 4.137100 ms  DeleteObjects: 0.029300 ms)

AssetImportParameters requested are different than current active one (requested -> active):
  custom:framework-win-MediaFoundation: 216162199b28c13a410421893ffa2e32 -> 
  custom:video-decoder-ogg-theora: a1e56fd34408186e4bbccfd4996cb3dc -> 
  custom:container-muxer-webm: aa71ff27fc2769a1b78a27578f13a17b -> 
  custom:container-demuxer-webm: 4f35f7cbe854078d1ac9338744f61a02 -> 
  custom:container-demuxer-ogg: 62fdf1f143b41e24485cea50d1cbac27 -> 
  custom:video-encoder-webm-vp8: eb34c28f22e8b96e1ab97ce403110664 -> 
  custom:video-codec-MediaFoundation-h265: 746d11721c4dcdbdad8f713fa42b33f4 -> 
  custom:video-decoder-webm-vp8: 9c59270c3fd7afecdb556c50c9e8de78 -> 
  custom:audio-decoder-ogg-vorbis: bf7c407c2cedff20999df2af8eb42d56 -> 
  custom:audio-encoder-webm-vorbis: bf7c407c2cedff20999df2af8eb42d56 -> 
AssetImportWorkerClient::OnTransportError - code=2 error=End of file
